#
# There is insufficient memory for the Java Runtime Environment to continue.
# Native memory allocation (mmap) failed to map 251658240 bytes for Failed to commit area from 0x0000000095300000 to 0x00000000a4300000 of length 251658240.
# Possible reasons:
#   The system is out of physical RAM or swap space
#   The process is running with CompressedOops enabled, and the Java Heap may be blocking the growth of the native heap
# Possible solutions:
#   Reduce memory load on the system
#   Increase physical memory or swap space
#   Check if swap backing store is full
#   Decrease Java heap size (-Xmx/-Xms)
#   Decrease number of Java threads
#   Decrease Java thread stack sizes (-Xss)
#   Set larger code cache with -XX:ReservedCodeCacheSize=
#   JVM is running with Unscaled Compressed Oops mode in which the Java heap is
#     placed in the first 4GB address space. The Java Heap base address is the
#     maximum limit for the native heap growth. Please use -XX:HeapBaseMinAddress
#     to set the Java Heap base and to place the Java Heap above 4GB virtual address.
# This output file may be truncated or incomplete.
#
#  Out of Memory Error (./src/hotspot/os/windows/os_windows.cpp:3301), pid=5552, tid=8412
#
# JRE version: OpenJDK Runtime Environment (11.0.10) (build 11.0.10+0-b96-7249189)
# Java VM: OpenJDK 64-Bit Server VM (11.0.10+0-b96-7249189, mixed mode, tiered, compressed oops, g1 gc, windows-amd64)
# No core dump will be written. Minidumps are not enabled by default on client versions of Windows
#

---------------  S U M M A R Y ------------

Command Line: --add-opens=java.base/java.util=ALL-UNNAMED --add-opens=java.base/java.lang=ALL-UNNAMED --add-opens=java.base/java.lang.invoke=ALL-UNNAMED --add-opens=java.base/java.util=ALL-UNNAMED --add-opens=java.prefs/java.util.prefs=ALL-UNNAMED --add-opens=java.prefs/java.util.prefs=ALL-UNNAMED --add-opens=java.base/java.nio.charset=ALL-UNNAMED --add-opens=java.base/java.net=ALL-UNNAMED --add-opens=java.base/java.util.concurrent.atomic=ALL-UNNAMED -Xmx2048m -Dfile.encoding=UTF-8 -Duser.country=IN -Duser.language=en -Duser.variant org.gradle.launcher.daemon.bootstrap.GradleDaemon 7.0.2

Host: Intel(R) Core(TM) i5-5200U CPU @ 2.20GHz, 4 cores, 7G,  Windows 10 , 64 bit Build 19041 (10.0.19041.1348)
Time: Sun Dec 26 21:28:08 2021 India Standard Time elapsed time: 12529.721327 seconds (0d 3h 28m 49s)

---------------  T H R E A D  ---------------

Current thread (0x0000019075999800):  VMThread "VM Thread" [stack: 0x000000515af00000,0x000000515b000000] [id=8412]

Stack: [0x000000515af00000,0x000000515b000000]
[error occurred during error reporting (printing stack bounds), id 0xc0000005, EXCEPTION_ACCESS_VIOLATION (0xc0000005) at pc=0x000001905f8d0f2d]

Native frames: (J=compiled Java code, j=interpreted, Vv=VM code, C=native code)
V  [jvm.dll+0x5ecfaa]
V  [jvm.dll+0x722bd5]
V  [jvm.dll+0x72412d]
V  [jvm.dll+0x724745]
V  [jvm.dll+0x7246fb]
V  [jvm.dll+0x5ec348]
V  [jvm.dll+0x5ecad8]
C  [ntdll.dll+0xa20cf]
C  [ntdll.dll+0x51454]
C  [ntdll.dll+0xa0bfe]
C  0x000001905f8d0f2d

VM_Operation (0x000000515ebfe540): G1CollectForAllocation, mode: safepoint, requested by thread 0x000001907ae0a000


---------------  P R O C E S S  ---------------

Threads class SMR info:
_java_thread_list=0x0000019003fcbec0, length=60, elements={
0x000001905bddb000, 0x000001907599c000, 0x000001907599f000, 0x0000019076342800,
0x00000190759b9000, 0x00000190759bb000, 0x00000190759c0800, 0x00000190759c5000,
0x00000190759d3800, 0x0000019076473000, 0x0000019077d62000, 0x0000019078c0f000,
0x0000019078f5e000, 0x000001907994d000, 0x000001907994e000, 0x000001907994f000,
0x0000019079950800, 0x0000019079951000, 0x000001907994b800, 0x0000019079952000,
0x000001907ae0f800, 0x000001907ae0d000, 0x000001907ae0e800, 0x000001907ae0a800,
0x000001907ae17800, 0x000001907d355000, 0x000001907ae0b800, 0x000001907b48f000,
0x000001907b48d000, 0x000001907b48a800, 0x000001907b48e000, 0x000001907b48b800,
0x000001907b492000, 0x000001907b48c800, 0x000001907b493800, 0x000001907b495800,
0x000001907b48f800, 0x000001907b496000, 0x000001907b493000, 0x000001907b494800,
0x000001907b490800, 0x000001907b497000, 0x000001907b498800, 0x000001907b499800,
0x000001907d348800, 0x000001907d349800, 0x000001907d34b000, 0x000001907d350800,
0x000001907d34f000, 0x000001907d352800, 0x000001907d34e800, 0x000001907d353000,
0x000001907d350000, 0x000001907d34d800, 0x000001907d354000, 0x000001907d355800,
0x000001907d357000, 0x000001907ae0c000, 0x000001907ae0e000, 0x000001907ae0a000
}

Java Threads: ( => current thread )
  0x000001905bddb000 JavaThread "main" [_thread_blocked, id=11152, stack(0x000000515a900000,0x000000515aa00000)]
  0x000001907599c000 JavaThread "Reference Handler" daemon [_thread_blocked, id=8960, stack(0x000000515b000000,0x000000515b100000)]
  0x000001907599f000 JavaThread "Finalizer" daemon [_thread_blocked, id=5992, stack(0x000000515b100000,0x000000515b200000)]
  0x0000019076342800 JavaThread "Signal Dispatcher" daemon [_thread_blocked, id=10876, stack(0x000000515b200000,0x000000515b300000)]
  0x00000190759b9000 JavaThread "Attach Listener" daemon [_thread_blocked, id=5388, stack(0x000000515b300000,0x000000515b400000)]
  0x00000190759bb000 JavaThread "Service Thread" daemon [_thread_blocked, id=6412, stack(0x000000515b400000,0x000000515b500000)]
  0x00000190759c0800 JavaThread "C2 CompilerThread0" daemon [_thread_blocked, id=5532, stack(0x000000515b500000,0x000000515b600000)]
  0x00000190759c5000 JavaThread "C1 CompilerThread0" daemon [_thread_blocked, id=5088, stack(0x000000515b600000,0x000000515b700000)]
  0x00000190759d3800 JavaThread "Sweeper thread" daemon [_thread_blocked, id=7284, stack(0x000000515b700000,0x000000515b800000)]
  0x0000019076473000 JavaThread "Common-Cleaner" daemon [_thread_blocked, id=2028, stack(0x000000515b800000,0x000000515b900000)]
  0x0000019077d62000 JavaThread "Daemon health stats" [_thread_blocked, id=4840, stack(0x000000515bc00000,0x000000515bd00000)]
  0x0000019078c0f000 JavaThread "Incoming local TCP Connector on port 56857" [_thread_in_native, id=4492, stack(0x000000515bd00000,0x000000515be00000)]
  0x0000019078f5e000 JavaThread "Daemon periodic checks" [_thread_blocked, id=10332, stack(0x000000515be00000,0x000000515bf00000)]
  0x000001907994d000 JavaThread "Cache worker for file hash cache (C:\Users\ROY\.gradle\caches\7.0.2\fileHashes)" [_thread_blocked, id=9972, stack(0x000000515c600000,0x000000515c700000)]
  0x000001907994e000 JavaThread "File lock request listener" [_thread_in_native, id=6728, stack(0x000000515c700000,0x000000515c800000)]
  0x000001907994f000 JavaThread "Cache worker for journal cache (C:\Users\ROY\.gradle\caches\journal-1)" [_thread_blocked, id=10676, stack(0x000000515ca00000,0x000000515cb00000)]
  0x0000019079950800 JavaThread "File watcher server" daemon [_thread_blocked, id=9084, stack(0x000000515cc00000,0x000000515cd00000)]
  0x0000019079951000 JavaThread "File watcher consumer" daemon [_thread_blocked, id=11104, stack(0x000000515cd00000,0x000000515ce00000)]
  0x000001907994b800 JavaThread "jar transforms" [_thread_blocked, id=10600, stack(0x000000515ce00000,0x000000515cf00000)]
  0x0000019079952000 JavaThread "jar transforms Thread 2" [_thread_blocked, id=10356, stack(0x000000515cf00000,0x000000515d000000)]
  0x000001907ae0f800 JavaThread "jar transforms Thread 3" [_thread_blocked, id=6980, stack(0x000000515d000000,0x000000515d100000)]
  0x000001907ae0d000 JavaThread "jar transforms Thread 4" [_thread_blocked, id=4628, stack(0x000000515d100000,0x000000515d200000)]
  0x000001907ae0e800 JavaThread "Cache worker for execution history cache (C:\Users\ROY\.gradle\caches\7.0.2\executionHistory)" [_thread_blocked, id=7888, stack(0x000000515d500000,0x000000515d600000)]
  0x000001907ae0a800 JavaThread "Cache worker for file content cache (C:\Users\ROY\.gradle\caches\7.0.2\fileContent)" [_thread_blocked, id=6616, stack(0x000000515d600000,0x000000515d700000)]
  0x000001907ae17800 JavaThread "Memory manager" [_thread_blocked, id=2124, stack(0x000000515dd00000,0x000000515de00000)]
  0x000001907d355000 JavaThread "Cache worker for Java compile cache (C:\Users\ROY\.gradle\caches\7.0.2\javaCompile)" [_thread_blocked, id=1080, stack(0x000000515e100000,0x000000515e200000)]
  0x000001907ae0b800 JavaThread "ForkJoinPool.commonPool-worker-5" daemon [_thread_blocked, id=8384, stack(0x000000515ec00000,0x000000515ed00000)]
  0x000001907b48f000 JavaThread "Daemon Thread 11" [_thread_blocked, id=8184, stack(0x000000515a600000,0x000000515a700000)]
  0x000001907b48d000 JavaThread "Handler for socket connection from /127.0.0.1:56857 to /127.0.0.1:60123" [_thread_in_native, id=4076, stack(0x000000515a700000,0x000000515a800000)]
  0x000001907b48a800 JavaThread "Cancel handler" [_thread_blocked, id=7832, stack(0x000000515a800000,0x000000515a900000)]
  0x000001907b48e000 JavaThread "Daemon worker Thread 11" [_thread_blocked, id=2356, stack(0x000000515ba00000,0x000000515bb00000)]
  0x000001907b48b800 JavaThread "Asynchronous log dispatcher for DefaultDaemonConnection: socket connection from /127.0.0.1:56857 to /127.0.0.1:60123" [_thread_blocked, id=8520, stack(0x000000515bf00000,0x000000515c000000)]
  0x000001907b492000 JavaThread "Stdin handler" [_thread_blocked, id=2020, stack(0x000000515c000000,0x000000515c100000)]
  0x000001907b48c800 JavaThread "Daemon client event forwarder" [_thread_blocked, id=8588, stack(0x000000515c100000,0x000000515c200000)]
  0x000001907b493800 JavaThread "Cache worker for file hash cache (C:\Users\ROY\AndroidStudioProjects\GitApp\.gradle\7.0.2\fileHashes)" [_thread_blocked, id=8708, stack(0x000000515c200000,0x000000515c300000)]
  0x000001907b495800 JavaThread "Cache worker for checksums cache (C:\Users\ROY\AndroidStudioProjects\GitApp\.gradle\checksums)" [_thread_blocked, id=2252, stack(0x000000515c300000,0x000000515c400000)]
  0x000001907b48f800 JavaThread "Cache worker for cache directory md-supplier (C:\Users\ROY\.gradle\caches\7.0.2\md-supplier)" [_thread_blocked, id=6156, stack(0x000000515c400000,0x000000515c500000)]
  0x000001907b496000 JavaThread "Cache worker for cache directory md-rule (C:\Users\ROY\.gradle\caches\7.0.2\md-rule)" [_thread_blocked, id=6836, stack(0x000000515c500000,0x000000515c600000)]
  0x000001907b493000 JavaThread "Cache worker for dependencies-accessors (C:\Users\ROY\AndroidStudioProjects\GitApp\.gradle\7.0.2\dependencies-accessors)" [_thread_blocked, id=5640, stack(0x000000515cb00000,0x000000515cc00000)]
  0x000001907b494800 JavaThread "Cache worker for Build Output Cleanup Cache (C:\Users\ROY\AndroidStudioProjects\GitApp\.gradle\buildOutputCleanup)" [_thread_blocked, id=8096, stack(0x000000515d200000,0x000000515d300000)]
  0x000001907b490800 JavaThread "Build operations" [_thread_blocked, id=428, stack(0x000000515d300000,0x000000515d400000)]
  0x000001907b497000 JavaThread "Build operations Thread 2" [_thread_blocked, id=2908, stack(0x000000515d400000,0x000000515d500000)]
  0x000001907b498800 JavaThread "Build operations Thread 3" [_thread_blocked, id=10324, stack(0x000000515d700000,0x000000515d800000)]
  0x000001907b499800 JavaThread "Build operations Thread 4" [_thread_blocked, id=11052, stack(0x000000515d800000,0x000000515d900000)]
  0x000001907d348800 JavaThread "build event listener" [_thread_blocked, id=1028, stack(0x000000515da00000,0x000000515db00000)]
  0x000001907d349800 JavaThread "Execution worker for ':'" [_thread_blocked, id=8740, stack(0x000000515db00000,0x000000515dc00000)]
  0x000001907d34b000 JavaThread "Execution worker for ':' Thread 2" [_thread_blocked, id=6272, stack(0x000000515dc00000,0x000000515dd00000)]
  0x000001907d350800 JavaThread "Execution worker for ':' Thread 3" [_thread_blocked, id=11048, stack(0x000000515de00000,0x000000515df00000)]
  0x000001907d34f000 JavaThread "Cache worker for execution history cache (C:\Users\ROY\AndroidStudioProjects\GitApp\.gradle\7.0.2\executionHistory)" [_thread_blocked, id=3044, stack(0x000000515df00000,0x000000515e000000)]
  0x000001907d352800 JavaThread "WorkerExecutor Queue" [_thread_blocked, id=7852, stack(0x000000515e000000,0x000000515e100000)]
  0x000001907d34e800 JavaThread "WorkerExecutor Queue Thread 2" [_thread_blocked, id=7424, stack(0x000000515e200000,0x000000515e300000)]
  0x000001907d353000 JavaThread "WorkerExecutor Queue Thread 3" [_thread_blocked, id=11008, stack(0x000000515e300000,0x000000515e400000)]
  0x000001907d350000 JavaThread "WorkerExecutor Queue Thread 4" [_thread_blocked, id=5024, stack(0x000000515e400000,0x000000515e500000)]
  0x000001907d34d800 JavaThread "pool-31-thread-1" [_thread_blocked, id=6992, stack(0x000000515e500000,0x000000515e600000)]
  0x000001907d354000 JavaThread "stderr" [_thread_in_native, id=9472, stack(0x000000515e600000,0x000000515e700000)]
  0x000001907d355800 JavaThread "stdout" [_thread_in_native, id=6892, stack(0x000000515e700000,0x000000515e800000)]
  0x000001907d357000 JavaThread "ForkJoinPool-9-worker-3" daemon [_thread_blocked, id=1100, stack(0x000000515e800000,0x000000515e900000)]
  0x000001907ae0c000 JavaThread "ForkJoinPool-9-worker-5" daemon [_thread_blocked, id=7204, stack(0x000000515e900000,0x000000515ea00000)]
  0x000001907ae0e000 JavaThread "ForkJoinPool-9-worker-7" daemon [_thread_blocked, id=9680, stack(0x000000515ea00000,0x000000515eb00000)]
  0x000001907ae0a000 JavaThread "ForkJoinPool-9-worker-1" daemon [_thread_blocked, id=10140, stack(0x000000515eb00000,0x000000515ec00000)]

Other Threads:
=>0x0000019075999800 VMThread "VM Thread" [stack: 0x000000515af00000,0x000000515b000000] [id=8412]
  0x00000190764b6800 WatcherThread [stack: 0x000000515b900000,0x000000515ba00000] [id=8848]
  0x000001905bdf2800 GCTaskThread "GC Thread#0" [stack: 0x000000515aa00000,0x000000515ab00000] [id=2936]
  0x00000190766dc000 GCTaskThread "GC Thread#1" [stack: 0x000000515bb00000,0x000000515bc00000] [id=4764]
  0x00000190779d5800 GCTaskThread "GC Thread#2" [stack: 0x000000515c800000,0x000000515c900000] [id=2248]
  0x0000019078899800 GCTaskThread "GC Thread#3" [stack: 0x000000515c900000,0x000000515ca00000] [id=7484]
  0x000001905be24000 ConcurrentGCThread "G1 Main Marker" [stack: 0x000000515ab00000,0x000000515ac00000] [id=7512]
  0x000001905be25800 ConcurrentGCThread "G1 Conc#0" [stack: 0x000000515ac00000,0x000000515ad00000] [id=4512]
  0x000001905bea4800 ConcurrentGCThread "G1 Refine#0" [stack: 0x000000515ad00000,0x000000515ae00000] [id=7380]
  0x0000019006de3800 ConcurrentGCThread "G1 Refine#1" [stack: 0x000000515ed00000,0x000000515ee00000] [id=1312]
  0x000001905bea5800 ConcurrentGCThread "G1 Young RemSet Sampling" [stack: 0x000000515ae00000,0x000000515af00000] [id=9324]

Threads with active compile tasks:
C2 CompilerThread012530197 36312       4       com.android.tools.r8.code.w1::a (4137 bytes)

VM state:at safepoint (normal execution)

VM Mutex/Monitor currently owned by a thread:  ([mutex/lock_event])
[0x000001905bdd71c0] Threads_lock - owner thread: 0x0000019075999800
[0x000001905bdd6560] Heap_lock - owner thread: 0x000001907ae0a000

Heap address: 0x0000000080000000, size: 2048 MB, Compressed Oops mode: 32-bit
Narrow klass base: 0x0000000000000000, Narrow klass shift: 3
Compressed class space size: 1073741824 Address: 0x0000000100000000

Heap:
 garbage-first heap   total 592896K, used 247681K [0x0000000080000000, 0x0000000100000000)
  region size 1024K, 8 young (8192K), 8 survivors (8192K)
 Metaspace       used 157541K, capacity 162483K, committed 164864K, reserved 1191936K
  class space    used 19220K, capacity 21049K, committed 21760K, reserved 1048576K
Heap Regions: E=young(eden), S=young(survivor), O=old, HS=humongous(starts), HC=humongous(continues), CS=collection set, F=free, A=archive, TAMS=top-at-mark-start (previous, next)
|   0|0x0000000080000000, 0x0000000080100000, 0x0000000080100000|100%| O|  |TAMS 0x0000000080100000, 0x0000000080000000| Untracked 
|   1|0x0000000080100000, 0x0000000080200000, 0x0000000080200000|100%| O|  |TAMS 0x0000000080200000, 0x0000000080100000| Complete 
|   2|0x0000000080200000, 0x0000000080300000, 0x0000000080300000|100%| O|  |TAMS 0x0000000080300000, 0x0000000080200000| Untracked 
|   3|0x0000000080300000, 0x0000000080400000, 0x0000000080400000|100%|HS|  |TAMS 0x0000000080400000, 0x0000000080300000| Complete 
|   4|0x0000000080400000, 0x0000000080500000, 0x0000000080500000|100%|HC|  |TAMS 0x0000000080500000, 0x0000000080400000| Complete 
|   5|0x0000000080500000, 0x0000000080600000, 0x0000000080600000|100%|HC|  |TAMS 0x0000000080600000, 0x0000000080500000| Complete 
|   6|0x0000000080600000, 0x0000000080700000, 0x0000000080700000|100%| O|  |TAMS 0x0000000080700000, 0x0000000080600000| Untracked 
|   7|0x0000000080700000, 0x0000000080800000, 0x0000000080800000|100%| O|  |TAMS 0x0000000080800000, 0x0000000080700000| Untracked 
|   8|0x0000000080800000, 0x0000000080900000, 0x0000000080900000|100%| O|  |TAMS 0x0000000080900000, 0x0000000080800000| Untracked 
|   9|0x0000000080900000, 0x0000000080a00000, 0x0000000080a00000|100%| O|  |TAMS 0x0000000080a00000, 0x0000000080900000| Untracked 
|  10|0x0000000080a00000, 0x0000000080b00000, 0x0000000080b00000|100%| O|  |TAMS 0x0000000080b00000, 0x0000000080a00000| Untracked 
|  11|0x0000000080b00000, 0x0000000080c00000, 0x0000000080c00000|100%| O|  |TAMS 0x0000000080c00000, 0x0000000080b00000| Untracked 
|  12|0x0000000080c00000, 0x0000000080d00000, 0x0000000080d00000|100%| O|  |TAMS 0x0000000080d00000, 0x0000000080c00000| Untracked 
|  13|0x0000000080d00000, 0x0000000080e00000, 0x0000000080e00000|100%| O|  |TAMS 0x0000000080e00000, 0x0000000080d00000| Untracked 
|  14|0x0000000080e00000, 0x0000000080f00000, 0x0000000080f00000|100%| O|  |TAMS 0x0000000080f00000, 0x0000000080e00000| Complete 
|  15|0x0000000080f00000, 0x0000000081000000, 0x0000000081000000|100%| O|  |TAMS 0x0000000081000000, 0x0000000080f00000| Complete 
|  16|0x0000000081000000, 0x0000000081100000, 0x0000000081100000|100%|HS|  |TAMS 0x0000000081100000, 0x0000000081000000| Complete 
|  17|0x0000000081100000, 0x0000000081200000, 0x0000000081200000|100%|HC|  |TAMS 0x0000000081200000, 0x0000000081100000| Complete 
|  18|0x0000000081200000, 0x0000000081300000, 0x0000000081300000|100%|HS|  |TAMS 0x0000000081300000, 0x0000000081200000| Complete 
|  19|0x0000000081300000, 0x0000000081400000, 0x0000000081400000|100%|HC|  |TAMS 0x0000000081400000, 0x0000000081300000| Complete 
|  20|0x0000000081400000, 0x0000000081500000, 0x0000000081500000|100%|HC|  |TAMS 0x0000000081500000, 0x0000000081400000| Complete 
|  21|0x0000000081500000, 0x0000000081600000, 0x0000000081600000|100%|HS|  |TAMS 0x0000000081600000, 0x0000000081500000| Complete 
|  22|0x0000000081600000, 0x0000000081700000, 0x0000000081700000|100%|HC|  |TAMS 0x0000000081700000, 0x0000000081600000| Complete 
|  23|0x0000000081700000, 0x0000000081800000, 0x0000000081800000|100%|HC|  |TAMS 0x0000000081800000, 0x0000000081700000| Complete 
|  24|0x0000000081800000, 0x0000000081900000, 0x0000000081900000|100%|HC|  |TAMS 0x0000000081900000, 0x0000000081800000| Complete 
|  25|0x0000000081900000, 0x0000000081a00000, 0x0000000081a00000|100%|HC|  |TAMS 0x0000000081a00000, 0x0000000081900000| Complete 
|  26|0x0000000081a00000, 0x0000000081b00000, 0x0000000081b00000|100%| O|  |TAMS 0x0000000081b00000, 0x0000000081a00000| Complete 
|  27|0x0000000081b00000, 0x0000000081c00000, 0x0000000081c00000|100%| O|  |TAMS 0x0000000081c00000, 0x0000000081b00000| Untracked 
|  28|0x0000000081c00000, 0x0000000081d00000, 0x0000000081d00000|100%| O|  |TAMS 0x0000000081d00000, 0x0000000081c00000| Untracked 
|  29|0x0000000081d00000, 0x0000000081e00000, 0x0000000081e00000|100%| O|  |TAMS 0x0000000081e00000, 0x0000000081d00000| Complete 
|  30|0x0000000081e00000, 0x0000000081f00000, 0x0000000081f00000|100%| O|  |TAMS 0x0000000081f00000, 0x0000000081e00000| Complete 
|  31|0x0000000081f00000, 0x0000000082000000, 0x0000000082000000|100%| O|  |TAMS 0x0000000082000000, 0x0000000081f00000| Complete 
|  32|0x0000000082000000, 0x0000000082100000, 0x0000000082100000|100%| O|  |TAMS 0x0000000082100000, 0x0000000082000000| Complete 
|  33|0x0000000082100000, 0x0000000082200000, 0x0000000082200000|100%| O|  |TAMS 0x0000000082200000, 0x0000000082100000| Complete 
|  34|0x0000000082200000, 0x0000000082300000, 0x0000000082300000|100%| O|  |TAMS 0x0000000082300000, 0x0000000082200000| Untracked 
|  35|0x0000000082300000, 0x0000000082400000, 0x0000000082400000|100%| O|  |TAMS 0x0000000082400000, 0x0000000082300000| Complete 
|  36|0x0000000082400000, 0x0000000082500000, 0x0000000082500000|100%| O|  |TAMS 0x0000000082500000, 0x0000000082400000| Complete 
|  37|0x0000000082500000, 0x0000000082600000, 0x0000000082600000|100%| O|  |TAMS 0x0000000082600000, 0x0000000082500000| Untracked 
|  38|0x0000000082600000, 0x0000000082700000, 0x0000000082700000|100%| O|  |TAMS 0x0000000082700000, 0x0000000082600000| Complete 
|  39|0x0000000082700000, 0x0000000082800000, 0x0000000082800000|100%| O|  |TAMS 0x0000000082800000, 0x0000000082700000| Complete 
|  40|0x0000000082800000, 0x0000000082900000, 0x0000000082900000|100%| O|  |TAMS 0x0000000082900000, 0x0000000082800000| Untracked 
|  41|0x0000000082900000, 0x0000000082a00000, 0x0000000082a00000|100%| O|  |TAMS 0x0000000082a00000, 0x0000000082900000| Untracked 
|  42|0x0000000082a00000, 0x0000000082b00000, 0x0000000082b00000|100%| O|  |TAMS 0x0000000082b00000, 0x0000000082a00000| Untracked 
|  43|0x0000000082b00000, 0x0000000082c00000, 0x0000000082c00000|100%| O|  |TAMS 0x0000000082c00000, 0x0000000082b00000| Complete 
|  44|0x0000000082c00000, 0x0000000082d00000, 0x0000000082d00000|100%| O|  |TAMS 0x0000000082d00000, 0x0000000082c00000| Untracked 
|  45|0x0000000082d00000, 0x0000000082e00000, 0x0000000082e00000|100%| O|  |TAMS 0x0000000082e00000, 0x0000000082d00000| Complete 
|  46|0x0000000082e00000, 0x0000000082f00000, 0x0000000082f00000|100%| O|  |TAMS 0x0000000082f00000, 0x0000000082e00000| Complete 
|  47|0x0000000082f00000, 0x0000000083000000, 0x0000000083000000|100%| O|  |TAMS 0x0000000083000000, 0x0000000082f00000| Untracked 
|  48|0x0000000083000000, 0x0000000083100000, 0x0000000083100000|100%| O|  |TAMS 0x0000000083100000, 0x0000000083000000| Untracked 
|  49|0x0000000083100000, 0x0000000083200000, 0x0000000083200000|100%| O|  |TAMS 0x0000000083200000, 0x0000000083100000| Complete 
|  50|0x0000000083200000, 0x0000000083300000, 0x0000000083300000|100%| O|  |TAMS 0x0000000083300000, 0x0000000083200000| Complete 
|  51|0x0000000083300000, 0x0000000083400000, 0x0000000083400000|100%| O|  |TAMS 0x0000000083400000, 0x0000000083300000| Complete 
|  52|0x0000000083400000, 0x0000000083500000, 0x0000000083500000|100%|HS|  |TAMS 0x0000000083500000, 0x0000000083400000| Complete 
|  53|0x0000000083500000, 0x0000000083600000, 0x0000000083600000|100%|HS|  |TAMS 0x0000000083600000, 0x0000000083500000| Complete 
|  54|0x0000000083600000, 0x0000000083700000, 0x0000000083700000|100%|HS|  |TAMS 0x0000000083700000, 0x0000000083600000| Complete 
|  55|0x0000000083700000, 0x0000000083800000, 0x0000000083800000|100%|HC|  |TAMS 0x0000000083800000, 0x0000000083700000| Complete 
|  56|0x0000000083800000, 0x0000000083900000, 0x0000000083900000|100%| O|  |TAMS 0x0000000083900000, 0x0000000083800000| Complete 
|  57|0x0000000083900000, 0x0000000083a00000, 0x0000000083a00000|100%| O|  |TAMS 0x0000000083a00000, 0x0000000083900000| Untracked 
|  58|0x0000000083a00000, 0x0000000083b00000, 0x0000000083b00000|100%| O|  |TAMS 0x0000000083b00000, 0x0000000083a00000| Complete 
|  59|0x0000000083b00000, 0x0000000083c00000, 0x0000000083c00000|100%| O|  |TAMS 0x0000000083c00000, 0x0000000083b00000| Untracked 
|  60|0x0000000083c00000, 0x0000000083d00000, 0x0000000083d00000|100%| O|  |TAMS 0x0000000083d00000, 0x0000000083c00000| Untracked 
|  61|0x0000000083d00000, 0x0000000083e00000, 0x0000000083e00000|100%| O|  |TAMS 0x0000000083e00000, 0x0000000083d00000| Untracked 
|  62|0x0000000083e00000, 0x0000000083f00000, 0x0000000083f00000|100%| O|  |TAMS 0x0000000083f00000, 0x0000000083e00000| Untracked 
|  63|0x0000000083f00000, 0x0000000084000000, 0x0000000084000000|100%| O|  |TAMS 0x0000000084000000, 0x0000000083f00000| Complete 
|  64|0x0000000084000000, 0x0000000084100000, 0x0000000084100000|100%| O|  |TAMS 0x0000000084100000, 0x0000000084000000| Complete 
|  65|0x0000000084100000, 0x0000000084200000, 0x0000000084200000|100%| O|  |TAMS 0x0000000084200000, 0x0000000084100000| Complete 
|  66|0x0000000084200000, 0x0000000084300000, 0x0000000084300000|100%| O|  |TAMS 0x0000000084300000, 0x0000000084200000| Complete 
|  67|0x0000000084300000, 0x0000000084400000, 0x0000000084400000|100%| O|  |TAMS 0x0000000084400000, 0x0000000084300000| Complete 
|  68|0x0000000084400000, 0x0000000084500000, 0x0000000084500000|100%| O|  |TAMS 0x0000000084500000, 0x0000000084400000| Complete 
|  69|0x0000000084500000, 0x0000000084600000, 0x0000000084600000|100%| O|  |TAMS 0x0000000084600000, 0x0000000084500000| Complete 
|  70|0x0000000084600000, 0x0000000084700000, 0x0000000084700000|100%| O|  |TAMS 0x0000000084700000, 0x0000000084600000| Complete 
|  71|0x0000000084700000, 0x0000000084800000, 0x0000000084800000|100%| O|  |TAMS 0x0000000084800000, 0x0000000084700000| Complete 
|  72|0x0000000084800000, 0x0000000084900000, 0x0000000084900000|100%| O|  |TAMS 0x0000000084900000, 0x0000000084800000| Complete 
|  73|0x0000000084900000, 0x0000000084a00000, 0x0000000084a00000|100%|HS|  |TAMS 0x0000000084900000, 0x0000000084900000| Complete 
|  74|0x0000000084a00000, 0x0000000084b00000, 0x0000000084b00000|100%| O|  |TAMS 0x0000000084b00000, 0x0000000084a00000| Untracked 
|  75|0x0000000084b00000, 0x0000000084c00000, 0x0000000084c00000|100%| O|  |TAMS 0x0000000084c00000, 0x0000000084b00000| Complete 
|  76|0x0000000084c00000, 0x0000000084d00000, 0x0000000084d00000|100%|HS|  |TAMS 0x0000000084d00000, 0x0000000084c00000| Complete 
|  77|0x0000000084d00000, 0x0000000084e00000, 0x0000000084e00000|100%|HS|  |TAMS 0x0000000084d00000, 0x0000000084d00000| Complete 
|  78|0x0000000084e00000, 0x0000000084f00000, 0x0000000084f00000|100%| O|  |TAMS 0x0000000084f00000, 0x0000000084e00000| Complete 
|  79|0x0000000084f00000, 0x0000000085000000, 0x0000000085000000|100%| O|  |TAMS 0x0000000085000000, 0x0000000084f00000| Complete 
|  80|0x0000000085000000, 0x0000000085100000, 0x0000000085100000|100%| O|  |TAMS 0x0000000085100000, 0x0000000085000000| Untracked 
|  81|0x0000000085100000, 0x0000000085200000, 0x0000000085200000|100%| O|  |TAMS 0x0000000085200000, 0x0000000085100000| Complete 
|  82|0x0000000085200000, 0x0000000085300000, 0x0000000085300000|100%| O|  |TAMS 0x0000000085300000, 0x0000000085200000| Complete 
|  83|0x0000000085300000, 0x0000000085400000, 0x0000000085400000|100%|HS|  |TAMS 0x0000000085300000, 0x0000000085300000| Complete 
|  84|0x0000000085400000, 0x0000000085500000, 0x0000000085500000|100%|HS|  |TAMS 0x0000000085500000, 0x0000000085400000| Complete 
|  85|0x0000000085500000, 0x0000000085600000, 0x0000000085600000|100%| O|  |TAMS 0x0000000085600000, 0x0000000085500000| Complete 
|  86|0x0000000085600000, 0x0000000085700000, 0x0000000085700000|100%| O|  |TAMS 0x0000000085700000, 0x0000000085600000| Complete 
|  87|0x0000000085700000, 0x0000000085800000, 0x0000000085800000|100%| O|  |TAMS 0x0000000085800000, 0x0000000085700000| Untracked 
|  88|0x0000000085800000, 0x0000000085900000, 0x0000000085900000|100%| O|  |TAMS 0x0000000085900000, 0x0000000085800000| Complete 
|  89|0x0000000085900000, 0x0000000085a00000, 0x0000000085a00000|100%| O|  |TAMS 0x0000000085a00000, 0x0000000085900000| Complete 
|  90|0x0000000085a00000, 0x0000000085b00000, 0x0000000085b00000|100%| O|  |TAMS 0x0000000085b00000, 0x0000000085a00000| Complete 
|  91|0x0000000085b00000, 0x0000000085c00000, 0x0000000085c00000|100%| O|  |TAMS 0x0000000085c00000, 0x0000000085b00000| Complete 
|  92|0x0000000085c00000, 0x0000000085d00000, 0x0000000085d00000|100%|HS|  |TAMS 0x0000000085d00000, 0x0000000085c00000| Complete 
|  93|0x0000000085d00000, 0x0000000085e00000, 0x0000000085e00000|100%| O|  |TAMS 0x0000000085e00000, 0x0000000085d00000| Complete 
|  94|0x0000000085e00000, 0x0000000085f00000, 0x0000000085f00000|100%|HS|  |TAMS 0x0000000085e00000, 0x0000000085e00000| Complete 
|  95|0x0000000085f00000, 0x0000000086000000, 0x0000000086000000|100%| O|  |TAMS 0x0000000086000000, 0x0000000085f00000| Complete 
|  96|0x0000000086000000, 0x0000000086100000, 0x0000000086100000|100%| O|  |TAMS 0x0000000086100000, 0x0000000086000000| Untracked 
|  97|0x0000000086100000, 0x0000000086200000, 0x0000000086200000|100%| O|  |TAMS 0x0000000086200000, 0x0000000086100000| Untracked 
|  98|0x0000000086200000, 0x0000000086300000, 0x0000000086300000|100%| O|  |TAMS 0x0000000086300000, 0x0000000086200000| Untracked 
|  99|0x0000000086300000, 0x0000000086400000, 0x0000000086400000|100%|HS|  |TAMS 0x0000000086300000, 0x0000000086300000| Complete 
| 100|0x0000000086400000, 0x0000000086500000, 0x0000000086500000|100%| O|  |TAMS 0x0000000086500000, 0x0000000086400000| Untracked 
| 101|0x0000000086500000, 0x0000000086600000, 0x0000000086600000|100%| O|  |TAMS 0x0000000086600000, 0x0000000086500000| Untracked 
| 102|0x0000000086600000, 0x0000000086700000, 0x0000000086700000|100%| O|  |TAMS 0x0000000086700000, 0x0000000086600000| Complete 
| 103|0x0000000086700000, 0x0000000086800000, 0x0000000086800000|100%| O|  |TAMS 0x0000000086800000, 0x0000000086700000| Untracked 
| 104|0x0000000086800000, 0x0000000086900000, 0x0000000086900000|100%| O|  |TAMS 0x0000000086900000, 0x0000000086800000| Untracked 
| 105|0x0000000086900000, 0x0000000086a00000, 0x0000000086a00000|100%| O|  |TAMS 0x0000000086a00000, 0x0000000086900000| Complete 
| 106|0x0000000086a00000, 0x0000000086b00000, 0x0000000086b00000|100%| O|  |TAMS 0x0000000086b00000, 0x0000000086a00000| Untracked 
| 107|0x0000000086b00000, 0x0000000086c00000, 0x0000000086c00000|100%| O|  |TAMS 0x0000000086c00000, 0x0000000086b00000| Complete 
| 108|0x0000000086c00000, 0x0000000086d00000, 0x0000000086d00000|100%| O|  |TAMS 0x0000000086d00000, 0x0000000086c00000| Complete 
| 109|0x0000000086d00000, 0x0000000086e00000, 0x0000000086e00000|100%| O|  |TAMS 0x0000000086e00000, 0x0000000086d00000| Untracked 
| 110|0x0000000086e00000, 0x0000000086f00000, 0x0000000086f00000|100%| O|  |TAMS 0x0000000086f00000, 0x0000000086e00000| Untracked 
| 111|0x0000000086f00000, 0x0000000087000000, 0x0000000087000000|100%| O|  |TAMS 0x0000000087000000, 0x0000000086f00000| Untracked 
| 112|0x0000000087000000, 0x0000000087100000, 0x0000000087100000|100%| O|  |TAMS 0x0000000087100000, 0x0000000087000000| Complete 
| 113|0x0000000087100000, 0x0000000087200000, 0x0000000087200000|100%| O|  |TAMS 0x0000000087200000, 0x0000000087100000| Untracked 
| 114|0x0000000087200000, 0x0000000087300000, 0x0000000087300000|100%|HS|  |TAMS 0x0000000087300000, 0x0000000087200000| Complete 
| 115|0x0000000087300000, 0x0000000087400000, 0x0000000087400000|100%|HS|  |TAMS 0x0000000087400000, 0x0000000087300000| Complete 
| 116|0x0000000087400000, 0x0000000087500000, 0x0000000087500000|100%|HC|  |TAMS 0x0000000087500000, 0x0000000087400000| Complete 
| 117|0x0000000087500000, 0x0000000087600000, 0x0000000087600000|100%|HC|  |TAMS 0x0000000087600000, 0x0000000087500000| Complete 
| 118|0x0000000087600000, 0x0000000087700000, 0x0000000087700000|100%|HS|  |TAMS 0x0000000087700000, 0x0000000087600000| Complete 
| 119|0x0000000087700000, 0x0000000087800000, 0x0000000087800000|100%|HC|  |TAMS 0x0000000087800000, 0x0000000087700000| Complete 
| 120|0x0000000087800000, 0x0000000087900000, 0x0000000087900000|100%| O|  |TAMS 0x0000000087900000, 0x0000000087800000| Untracked 
| 121|0x0000000087900000, 0x0000000087a00000, 0x0000000087a00000|100%| O|  |TAMS 0x0000000087a00000, 0x0000000087900000| Complete 
| 122|0x0000000087a00000, 0x0000000087b00000, 0x0000000087b00000|100%| O|  |TAMS 0x0000000087b00000, 0x0000000087a00000| Untracked 
| 123|0x0000000087b00000, 0x0000000087c00000, 0x0000000087c00000|100%| O|  |TAMS 0x0000000087c00000, 0x0000000087b00000| Untracked 
| 124|0x0000000087c00000, 0x0000000087d00000, 0x0000000087d00000|100%| O|  |TAMS 0x0000000087d00000, 0x0000000087c00000| Complete 
| 125|0x0000000087d00000, 0x0000000087e00000, 0x0000000087e00000|100%| O|  |TAMS 0x0000000087e00000, 0x0000000087d00000| Untracked 
| 126|0x0000000087e00000, 0x0000000087f00000, 0x0000000087f00000|100%| O|  |TAMS 0x0000000087f00000, 0x0000000087e00000| Untracked 
| 127|0x0000000087f00000, 0x0000000088000000, 0x0000000088000000|100%|HS|  |TAMS 0x0000000087f00000, 0x0000000087f00000| Complete 
| 128|0x0000000088000000, 0x0000000088100000, 0x0000000088100000|100%| O|  |TAMS 0x0000000088100000, 0x0000000088000000| Complete 
| 129|0x0000000088100000, 0x0000000088200000, 0x0000000088200000|100%|HS|  |TAMS 0x0000000088100000, 0x0000000088100000| Complete 
| 130|0x0000000088200000, 0x0000000088300000, 0x0000000088300000|100%|HS|  |TAMS 0x0000000088200000, 0x0000000088200000| Complete 
| 131|0x0000000088300000, 0x0000000088400000, 0x0000000088400000|100%| O|  |TAMS 0x0000000088400000, 0x0000000088300000| Complete 
| 132|0x0000000088400000, 0x0000000088500000, 0x0000000088500000|100%| O|  |TAMS 0x0000000088500000, 0x0000000088400000| Untracked 
| 133|0x0000000088500000, 0x0000000088600000, 0x0000000088600000|100%| O|  |TAMS 0x0000000088500000, 0x0000000088500000| Untracked 
| 134|0x0000000088600000, 0x0000000088700000, 0x0000000088700000|100%| O|  |TAMS 0x0000000088700000, 0x0000000088600000| Untracked 
| 135|0x0000000088700000, 0x0000000088800000, 0x0000000088800000|100%| O|  |TAMS 0x0000000088700000, 0x0000000088700000| Untracked 
| 136|0x0000000088800000, 0x0000000088900000, 0x0000000088900000|100%| O|  |TAMS 0x0000000088900000, 0x0000000088800000| Untracked 
| 137|0x0000000088900000, 0x0000000088a00000, 0x0000000088a00000|100%| O|  |TAMS 0x0000000088900000, 0x0000000088900000| Untracked 
| 138|0x0000000088a00000, 0x0000000088b00000, 0x0000000088b00000|100%|HS|  |TAMS 0x0000000088b00000, 0x0000000088a00000| Complete 
| 139|0x0000000088b00000, 0x0000000088c00000, 0x0000000088c00000|100%|HS|  |TAMS 0x0000000088c00000, 0x0000000088b00000| Complete 
| 140|0x0000000088c00000, 0x0000000088d00000, 0x0000000088d00000|100%|HC|  |TAMS 0x0000000088d00000, 0x0000000088c00000| Complete 
| 141|0x0000000088d00000, 0x0000000088e00000, 0x0000000088e00000|100%|HC|  |TAMS 0x0000000088e00000, 0x0000000088d00000| Complete 
| 142|0x0000000088e00000, 0x0000000088f00000, 0x0000000088f00000|100%|HC|  |TAMS 0x0000000088f00000, 0x0000000088e00000| Complete 
| 143|0x0000000088f00000, 0x0000000089000000, 0x0000000089000000|100%|HC|  |TAMS 0x0000000089000000, 0x0000000088f00000| Complete 
| 144|0x0000000089000000, 0x0000000089100000, 0x0000000089100000|100%| O|  |TAMS 0x0000000089100000, 0x0000000089000000| Untracked 
| 145|0x0000000089100000, 0x0000000089200000, 0x0000000089200000|100%| O|  |TAMS 0x0000000089200000, 0x0000000089100000| Complete 
| 146|0x0000000089200000, 0x0000000089300000, 0x0000000089300000|100%| O|  |TAMS 0x0000000089300000, 0x0000000089200000| Complete 
| 147|0x0000000089300000, 0x0000000089400000, 0x0000000089400000|100%| O|  |TAMS 0x0000000089400000, 0x0000000089300000| Complete 
| 148|0x0000000089400000, 0x0000000089500000, 0x0000000089500000|100%| O|  |TAMS 0x0000000089500000, 0x0000000089400000| Complete 
| 149|0x0000000089500000, 0x0000000089600000, 0x0000000089600000|100%| O|  |TAMS 0x0000000089600000, 0x0000000089500000| Complete 
| 150|0x0000000089600000, 0x0000000089700000, 0x0000000089700000|100%| O|  |TAMS 0x0000000089700000, 0x0000000089600000| Complete 
| 151|0x0000000089700000, 0x0000000089800000, 0x0000000089800000|100%| O|  |TAMS 0x0000000089800000, 0x0000000089700000| Complete 
| 152|0x0000000089800000, 0x0000000089900000, 0x0000000089900000|100%| O|  |TAMS 0x0000000089900000, 0x0000000089800000| Untracked 
| 153|0x0000000089900000, 0x0000000089a00000, 0x0000000089a00000|100%| O|  |TAMS 0x0000000089a00000, 0x0000000089900000| Untracked 
| 154|0x0000000089a00000, 0x0000000089b00000, 0x0000000089b00000|100%| O|  |TAMS 0x0000000089b00000, 0x0000000089a00000| Complete 
| 155|0x0000000089b00000, 0x0000000089c00000, 0x0000000089c00000|100%| O|  |TAMS 0x0000000089c00000, 0x0000000089b00000| Untracked 
| 156|0x0000000089c00000, 0x0000000089d00000, 0x0000000089d00000|100%| O|  |TAMS 0x0000000089d00000, 0x0000000089c00000| Untracked 
| 157|0x0000000089d00000, 0x0000000089e00000, 0x0000000089e00000|100%|HS|  |TAMS 0x0000000089d00000, 0x0000000089d00000| Complete 
| 158|0x0000000089e00000, 0x0000000089f00000, 0x0000000089f00000|100%|HC|  |TAMS 0x0000000089e00000, 0x0000000089e00000| Complete 
| 159|0x0000000089f00000, 0x000000008a000000, 0x000000008a000000|100%|HS|  |TAMS 0x0000000089f00000, 0x0000000089f00000| Complete 
| 160|0x000000008a000000, 0x000000008a100000, 0x000000008a100000|100%| O|  |TAMS 0x000000008a100000, 0x000000008a000000| Untracked 
| 161|0x000000008a100000, 0x000000008a200000, 0x000000008a200000|100%| O|  |TAMS 0x000000008a200000, 0x000000008a100000| Untracked 
| 162|0x000000008a200000, 0x000000008a300000, 0x000000008a300000|100%|HS|  |TAMS 0x000000008a200000, 0x000000008a200000| Complete 
| 163|0x000000008a300000, 0x000000008a400000, 0x000000008a400000|100%|HC|  |TAMS 0x000000008a300000, 0x000000008a300000| Complete 
| 164|0x000000008a400000, 0x000000008a500000, 0x000000008a500000|100%|HS|  |TAMS 0x000000008a400000, 0x000000008a400000| Complete 
| 165|0x000000008a500000, 0x000000008a600000, 0x000000008a600000|100%| O|  |TAMS 0x000000008a600000, 0x000000008a500000| Complete 
| 166|0x000000008a600000, 0x000000008a700000, 0x000000008a700000|100%| O|  |TAMS 0x000000008a600000, 0x000000008a600000| Untracked 
| 167|0x000000008a700000, 0x000000008a800000, 0x000000008a800000|100%| O|  |TAMS 0x000000008a800000, 0x000000008a700000| Untracked 
| 168|0x000000008a800000, 0x000000008a900000, 0x000000008a900000|100%| O|  |TAMS 0x000000008a900000, 0x000000008a800000| Untracked 
| 169|0x000000008a900000, 0x000000008aa00000, 0x000000008aa00000|100%| O|  |TAMS 0x000000008aa00000, 0x000000008a900000| Untracked 
| 170|0x000000008aa00000, 0x000000008ab00000, 0x000000008ab00000|100%|HS|  |TAMS 0x000000008aa00000, 0x000000008aa00000| Complete 
| 171|0x000000008ab00000, 0x000000008ac00000, 0x000000008ac00000|100%|HC|  |TAMS 0x000000008ab00000, 0x000000008ab00000| Complete 
| 172|0x000000008ac00000, 0x000000008ad00000, 0x000000008ad00000|100%| O|  |TAMS 0x000000008ad00000, 0x000000008ac00000| Complete 
| 173|0x000000008ad00000, 0x000000008ae00000, 0x000000008ae00000|100%| O|  |TAMS 0x000000008ae00000, 0x000000008ad00000| Complete 
| 174|0x000000008ae00000, 0x000000008af00000, 0x000000008af00000|100%| O|  |TAMS 0x000000008af00000, 0x000000008ae00000| Complete 
| 175|0x000000008af00000, 0x000000008b000000, 0x000000008b000000|100%|HS|  |TAMS 0x000000008af00000, 0x000000008af00000| Complete 
| 176|0x000000008b000000, 0x000000008b100000, 0x000000008b100000|100%|HC|  |TAMS 0x000000008b000000, 0x000000008b000000| Complete 
| 177|0x000000008b100000, 0x000000008b200000, 0x000000008b200000|100%| O|  |TAMS 0x000000008b100000, 0x000000008b100000| Untracked 
| 178|0x000000008b200000, 0x000000008b300000, 0x000000008b300000|100%| O|  |TAMS 0x000000008b200000, 0x000000008b200000| Untracked 
| 179|0x000000008b300000, 0x000000008b400000, 0x000000008b400000|100%| O|  |TAMS 0x000000008b300000, 0x000000008b300000| Untracked 
| 180|0x000000008b400000, 0x000000008b500000, 0x000000008b500000|100%| O|  |TAMS 0x000000008b400000, 0x000000008b400000| Untracked 
| 181|0x000000008b500000, 0x000000008b600000, 0x000000008b600000|100%| O|  |TAMS 0x000000008b500000, 0x000000008b500000| Untracked 
| 182|0x000000008b600000, 0x000000008b700000, 0x000000008b700000|100%| O|  |TAMS 0x000000008b600000, 0x000000008b600000| Untracked 
| 183|0x000000008b700000, 0x000000008b800000, 0x000000008b800000|100%| O|  |TAMS 0x000000008b800000, 0x000000008b700000| Untracked 
| 184|0x000000008b800000, 0x000000008b900000, 0x000000008b900000|100%| O|  |TAMS 0x000000008b900000, 0x000000008b800000| Untracked 
| 185|0x000000008b900000, 0x000000008ba00000, 0x000000008ba00000|100%| O|  |TAMS 0x000000008ba00000, 0x000000008b900000| Complete 
| 186|0x000000008ba00000, 0x000000008bb00000, 0x000000008bb00000|100%| O|  |TAMS 0x000000008bb00000, 0x000000008ba00000| Untracked 
| 187|0x000000008bb00000, 0x000000008bc00000, 0x000000008bc00000|100%| O|  |TAMS 0x000000008bc00000, 0x000000008bb00000| Untracked 
| 188|0x000000008bc00000, 0x000000008bd00000, 0x000000008bd00000|100%| O|  |TAMS 0x000000008bd00000, 0x000000008bc00000| Untracked 
| 189|0x000000008bd00000, 0x000000008be00000, 0x000000008be00000|100%| O|  |TAMS 0x000000008be00000, 0x000000008bd00000| Complete 
| 190|0x000000008be00000, 0x000000008bf00000, 0x000000008bf00000|100%| O|  |TAMS 0x000000008bf00000, 0x000000008be00000| Untracked 
| 191|0x000000008bf00000, 0x000000008c000000, 0x000000008c000000|100%| O|  |TAMS 0x000000008c000000, 0x000000008bf00000| Complete 
| 192|0x000000008c000000, 0x000000008c100000, 0x000000008c100000|100%| O|  |TAMS 0x000000008c100000, 0x000000008c000000| Complete 
| 193|0x000000008c100000, 0x000000008c200000, 0x000000008c200000|100%| O|  |TAMS 0x000000008c200000, 0x000000008c100000| Complete 
| 194|0x000000008c200000, 0x000000008c300000, 0x000000008c300000|100%| O|  |TAMS 0x000000008c300000, 0x000000008c200000| Complete 
| 195|0x000000008c300000, 0x000000008c400000, 0x000000008c400000|100%|HS|  |TAMS 0x000000008c300000, 0x000000008c300000| Complete 
| 196|0x000000008c400000, 0x000000008c500000, 0x000000008c500000|100%|HC|  |TAMS 0x000000008c400000, 0x000000008c400000| Complete 
| 197|0x000000008c500000, 0x000000008c600000, 0x000000008c600000|100%|HC|  |TAMS 0x000000008c500000, 0x000000008c500000| Complete 
| 198|0x000000008c600000, 0x000000008c700000, 0x000000008c700000|100%|HC|  |TAMS 0x000000008c600000, 0x000000008c600000| Complete 
| 199|0x000000008c700000, 0x000000008c800000, 0x000000008c800000|100%|HC|  |TAMS 0x000000008c700000, 0x000000008c700000| Complete 
| 200|0x000000008c800000, 0x000000008c900000, 0x000000008c900000|100%|HC|  |TAMS 0x000000008c800000, 0x000000008c800000| Complete 
| 201|0x000000008c900000, 0x000000008ca00000, 0x000000008ca00000|100%|HC|  |TAMS 0x000000008c900000, 0x000000008c900000| Complete 
| 202|0x000000008ca00000, 0x000000008cb00000, 0x000000008cb00000|100%|HC|  |TAMS 0x000000008ca00000, 0x000000008ca00000| Complete 
| 203|0x000000008cb00000, 0x000000008cc00000, 0x000000008cc00000|100%| O|  |TAMS 0x000000008cb00000, 0x000000008cb00000| Untracked 
| 204|0x000000008cc00000, 0x000000008cd00000, 0x000000008cd00000|100%| O|  |TAMS 0x000000008cc00000, 0x000000008cc00000| Untracked 
| 205|0x000000008cd00000, 0x000000008ce00000, 0x000000008ce00000|100%| O|  |TAMS 0x000000008cd00000, 0x000000008cd00000| Untracked 
| 206|0x000000008ce00000, 0x000000008cf00000, 0x000000008cf00000|100%| O|  |TAMS 0x000000008ce00000, 0x000000008ce00000| Untracked 
| 207|0x000000008cf00000, 0x000000008d000000, 0x000000008d000000|100%| O|  |TAMS 0x000000008cf00000, 0x000000008cf00000| Untracked 
| 208|0x000000008d000000, 0x000000008d0e0600, 0x000000008d100000| 87%| O|  |TAMS 0x000000008d000000, 0x000000008d000000| Untracked 
| 209|0x000000008d100000, 0x000000008d100000, 0x000000008d200000|  0%| F|  |TAMS 0x000000008d100000, 0x000000008d100000| Untracked 
| 210|0x000000008d200000, 0x000000008d300000, 0x000000008d300000|100%| O|  |TAMS 0x000000008d300000, 0x000000008d200000| Untracked 
| 211|0x000000008d300000, 0x000000008d300000, 0x000000008d400000|  0%| F|  |TAMS 0x000000008d300000, 0x000000008d300000| Untracked 
| 212|0x000000008d400000, 0x000000008d400000, 0x000000008d500000|  0%| F|  |TAMS 0x000000008d400000, 0x000000008d400000| Untracked 
| 213|0x000000008d500000, 0x000000008d500000, 0x000000008d600000|  0%| F|  |TAMS 0x000000008d500000, 0x000000008d500000| Untracked 
| 214|0x000000008d600000, 0x000000008d600000, 0x000000008d700000|  0%| F|  |TAMS 0x000000008d600000, 0x000000008d600000| Untracked 
| 215|0x000000008d700000, 0x000000008d700000, 0x000000008d800000|  0%| F|  |TAMS 0x000000008d700000, 0x000000008d700000| Untracked 
| 216|0x000000008d800000, 0x000000008d800000, 0x000000008d900000|  0%| F|  |TAMS 0x000000008d800000, 0x000000008d800000| Untracked 
| 217|0x000000008d900000, 0x000000008d900000, 0x000000008da00000|  0%| F|  |TAMS 0x000000008d900000, 0x000000008d900000| Untracked 
| 218|0x000000008da00000, 0x000000008da00000, 0x000000008db00000|  0%| F|  |TAMS 0x000000008da00000, 0x000000008da00000| Untracked 
| 219|0x000000008db00000, 0x000000008db00000, 0x000000008dc00000|  0%| F|  |TAMS 0x000000008db00000, 0x000000008db00000| Untracked 
| 220|0x000000008dc00000, 0x000000008dc00000, 0x000000008dd00000|  0%| F|  |TAMS 0x000000008dc00000, 0x000000008dc00000| Untracked 
| 221|0x000000008dd00000, 0x000000008dd00000, 0x000000008de00000|  0%| F|  |TAMS 0x000000008dd00000, 0x000000008dd00000| Untracked 
| 222|0x000000008de00000, 0x000000008de00000, 0x000000008df00000|  0%| F|  |TAMS 0x000000008de00000, 0x000000008de00000| Untracked 
| 223|0x000000008df00000, 0x000000008df00000, 0x000000008e000000|  0%| F|  |TAMS 0x000000008df00000, 0x000000008df00000| Untracked 
| 224|0x000000008e000000, 0x000000008e000000, 0x000000008e100000|  0%| F|  |TAMS 0x000000008e000000, 0x000000008e000000| Untracked 
| 225|0x000000008e100000, 0x000000008e100000, 0x000000008e200000|  0%| F|  |TAMS 0x000000008e100000, 0x000000008e100000| Untracked 
| 226|0x000000008e200000, 0x000000008e200000, 0x000000008e300000|  0%| F|  |TAMS 0x000000008e200000, 0x000000008e200000| Untracked 
| 227|0x000000008e300000, 0x000000008e300000, 0x000000008e400000|  0%| F|  |TAMS 0x000000008e300000, 0x000000008e300000| Untracked 
| 228|0x000000008e400000, 0x000000008e400000, 0x000000008e500000|  0%| F|  |TAMS 0x000000008e400000, 0x000000008e400000| Untracked 
| 229|0x000000008e500000, 0x000000008e500000, 0x000000008e600000|  0%| F|  |TAMS 0x000000008e500000, 0x000000008e500000| Untracked 
| 230|0x000000008e600000, 0x000000008e600000, 0x000000008e700000|  0%| F|  |TAMS 0x000000008e600000, 0x000000008e600000| Untracked 
| 231|0x000000008e700000, 0x000000008e700000, 0x000000008e800000|  0%| F|  |TAMS 0x000000008e700000, 0x000000008e700000| Untracked 
| 232|0x000000008e800000, 0x000000008e900000, 0x000000008e900000|100%| O|  |TAMS 0x000000008e900000, 0x000000008e800000| Complete 
| 233|0x000000008e900000, 0x000000008e900000, 0x000000008ea00000|  0%| F|  |TAMS 0x000000008e900000, 0x000000008e900000| Untracked 
| 234|0x000000008ea00000, 0x000000008ea00000, 0x000000008eb00000|  0%| F|  |TAMS 0x000000008ea00000, 0x000000008ea00000| Untracked 
| 235|0x000000008eb00000, 0x000000008eb00000, 0x000000008ec00000|  0%| F|  |TAMS 0x000000008eb00000, 0x000000008eb00000| Untracked 
| 236|0x000000008ec00000, 0x000000008ec00000, 0x000000008ed00000|  0%| F|  |TAMS 0x000000008ec00000, 0x000000008ec00000| Untracked 
| 237|0x000000008ed00000, 0x000000008ed00000, 0x000000008ee00000|  0%| F|  |TAMS 0x000000008ed00000, 0x000000008ed00000| Untracked 
| 238|0x000000008ee00000, 0x000000008ee00000, 0x000000008ef00000|  0%| F|  |TAMS 0x000000008ee00000, 0x000000008ee00000| Untracked 
| 239|0x000000008ef00000, 0x000000008ef00000, 0x000000008f000000|  0%| F|  |TAMS 0x000000008ef00000, 0x000000008ef00000| Untracked 
| 240|0x000000008f000000, 0x000000008f000000, 0x000000008f100000|  0%| F|  |TAMS 0x000000008f000000, 0x000000008f000000| Untracked 
| 241|0x000000008f100000, 0x000000008f100000, 0x000000008f200000|  0%| F|  |TAMS 0x000000008f100000, 0x000000008f100000| Untracked 
| 242|0x000000008f200000, 0x000000008f200000, 0x000000008f300000|  0%| F|  |TAMS 0x000000008f200000, 0x000000008f200000| Untracked 
| 243|0x000000008f300000, 0x000000008f300000, 0x000000008f400000|  0%| F|  |TAMS 0x000000008f300000, 0x000000008f300000| Untracked 
| 244|0x000000008f400000, 0x000000008f500000, 0x000000008f500000|100%| O|  |TAMS 0x000000008f500000, 0x000000008f400000| Complete 
| 245|0x000000008f500000, 0x000000008f500000, 0x000000008f600000|  0%| F|  |TAMS 0x000000008f500000, 0x000000008f500000| Untracked 
| 246|0x000000008f600000, 0x000000008f600000, 0x000000008f700000|  0%| F|  |TAMS 0x000000008f600000, 0x000000008f600000| Untracked 
| 247|0x000000008f700000, 0x000000008f700000, 0x000000008f800000|  0%| F|  |TAMS 0x000000008f700000, 0x000000008f700000| Untracked 
| 248|0x000000008f800000, 0x000000008f800000, 0x000000008f900000|  0%| F|  |TAMS 0x000000008f800000, 0x000000008f800000| Untracked 
| 249|0x000000008f900000, 0x000000008f900000, 0x000000008fa00000|  0%| F|  |TAMS 0x000000008f900000, 0x000000008f900000| Untracked 
| 250|0x000000008fa00000, 0x000000008fa00000, 0x000000008fb00000|  0%| F|  |TAMS 0x000000008fa00000, 0x000000008fa00000| Untracked 
| 251|0x000000008fb00000, 0x000000008fb00000, 0x000000008fc00000|  0%| F|  |TAMS 0x000000008fb00000, 0x000000008fb00000| Untracked 
| 252|0x000000008fc00000, 0x000000008fc00000, 0x000000008fd00000|  0%| F|  |TAMS 0x000000008fc00000, 0x000000008fc00000| Untracked 
| 253|0x000000008fd00000, 0x000000008fd00000, 0x000000008fe00000|  0%| F|  |TAMS 0x000000008fd00000, 0x000000008fd00000| Untracked 
| 254|0x000000008fe00000, 0x000000008fe00000, 0x000000008ff00000|  0%| F|  |TAMS 0x000000008fe00000, 0x000000008fe00000| Untracked 
| 255|0x000000008ff00000, 0x000000008ff00000, 0x0000000090000000|  0%| F|  |TAMS 0x000000008ff00000, 0x000000008ff00000| Untracked 
| 256|0x0000000090000000, 0x0000000090100000, 0x0000000090100000|100%| S|CS|TAMS 0x0000000090000000, 0x0000000090000000| Complete 
| 257|0x0000000090100000, 0x0000000090200000, 0x0000000090200000|100%| S|CS|TAMS 0x0000000090100000, 0x0000000090100000| Complete 
| 258|0x0000000090200000, 0x0000000090300000, 0x0000000090300000|100%| S|CS|TAMS 0x0000000090200000, 0x0000000090200000| Complete 
| 259|0x0000000090300000, 0x0000000090400000, 0x0000000090400000|100%| S|CS|TAMS 0x0000000090300000, 0x0000000090300000| Complete 
| 260|0x0000000090400000, 0x0000000090500000, 0x0000000090500000|100%| S|CS|TAMS 0x0000000090400000, 0x0000000090400000| Complete 
| 261|0x0000000090500000, 0x0000000090600000, 0x0000000090600000|100%| S|CS|TAMS 0x0000000090500000, 0x0000000090500000| Complete 
| 262|0x0000000090600000, 0x0000000090700000, 0x0000000090700000|100%| S|CS|TAMS 0x0000000090600000, 0x0000000090600000| Complete 
| 263|0x0000000090700000, 0x0000000090800000, 0x0000000090800000|100%| S|CS|TAMS 0x0000000090700000, 0x0000000090700000| Complete 
| 264|0x0000000090800000, 0x0000000090800000, 0x0000000090900000|  0%| F|  |TAMS 0x0000000090800000, 0x0000000090800000| Untracked 
| 265|0x0000000090900000, 0x0000000090900000, 0x0000000090a00000|  0%| F|  |TAMS 0x0000000090900000, 0x0000000090900000| Untracked 
| 266|0x0000000090a00000, 0x0000000090a00000, 0x0000000090b00000|  0%| F|  |TAMS 0x0000000090a00000, 0x0000000090a00000| Untracked 
| 267|0x0000000090b00000, 0x0000000090b00000, 0x0000000090c00000|  0%| F|  |TAMS 0x0000000090b00000, 0x0000000090b00000| Untracked 
| 268|0x0000000090c00000, 0x0000000090c00000, 0x0000000090d00000|  0%| F|  |TAMS 0x0000000090c00000, 0x0000000090c00000| Untracked 
| 269|0x0000000090d00000, 0x0000000090d00000, 0x0000000090e00000|  0%| F|  |TAMS 0x0000000090d00000, 0x0000000090d00000| Untracked 
| 270|0x0000000090e00000, 0x0000000090e00000, 0x0000000090f00000|  0%| F|  |TAMS 0x0000000090e00000, 0x0000000090e00000| Untracked 
| 271|0x0000000090f00000, 0x0000000090f00000, 0x0000000091000000|  0%| F|  |TAMS 0x0000000090f00000, 0x0000000090f00000| Untracked 
| 272|0x0000000091000000, 0x0000000091000000, 0x0000000091100000|  0%| F|  |TAMS 0x0000000091000000, 0x0000000091000000| Untracked 
| 273|0x0000000091100000, 0x0000000091100000, 0x0000000091200000|  0%| F|  |TAMS 0x0000000091100000, 0x0000000091100000| Untracked 
| 274|0x0000000091200000, 0x0000000091200000, 0x0000000091300000|  0%| F|  |TAMS 0x0000000091200000, 0x0000000091200000| Untracked 
| 275|0x0000000091300000, 0x0000000091300000, 0x0000000091400000|  0%| F|  |TAMS 0x0000000091300000, 0x0000000091300000| Untracked 
| 276|0x0000000091400000, 0x0000000091400000, 0x0000000091500000|  0%| F|  |TAMS 0x0000000091400000, 0x0000000091400000| Untracked 
| 277|0x0000000091500000, 0x0000000091500000, 0x0000000091600000|  0%| F|  |TAMS 0x0000000091500000, 0x0000000091500000| Untracked 
| 278|0x0000000091600000, 0x0000000091600000, 0x0000000091700000|  0%| F|  |TAMS 0x0000000091600000, 0x0000000091600000| Untracked 
| 279|0x0000000091700000, 0x0000000091700000, 0x0000000091800000|  0%| F|  |TAMS 0x0000000091700000, 0x0000000091700000| Untracked 
| 280|0x0000000091800000, 0x0000000091800000, 0x0000000091900000|  0%| F|  |TAMS 0x0000000091800000, 0x0000000091800000| Untracked 
| 281|0x0000000091900000, 0x0000000091900000, 0x0000000091a00000|  0%| F|  |TAMS 0x0000000091900000, 0x0000000091900000| Untracked 
| 282|0x0000000091a00000, 0x0000000091a00000, 0x0000000091b00000|  0%| F|  |TAMS 0x0000000091a00000, 0x0000000091a00000| Untracked 
| 283|0x0000000091b00000, 0x0000000091b00000, 0x0000000091c00000|  0%| F|  |TAMS 0x0000000091b00000, 0x0000000091b00000| Untracked 
| 284|0x0000000091c00000, 0x0000000091c00000, 0x0000000091d00000|  0%| F|  |TAMS 0x0000000091c00000, 0x0000000091c00000| Untracked 
| 285|0x0000000091d00000, 0x0000000091d00000, 0x0000000091e00000|  0%| F|  |TAMS 0x0000000091d00000, 0x0000000091d00000| Untracked 
| 286|0x0000000091e00000, 0x0000000091e00000, 0x0000000091f00000|  0%| F|  |TAMS 0x0000000091e00000, 0x0000000091e00000| Untracked 
| 287|0x0000000091f00000, 0x0000000091f00000, 0x0000000092000000|  0%| F|  |TAMS 0x0000000091f00000, 0x0000000091f00000| Untracked 
| 288|0x0000000092000000, 0x0000000092000000, 0x0000000092100000|  0%| F|  |TAMS 0x0000000092000000, 0x0000000092000000| Untracked 
| 289|0x0000000092100000, 0x0000000092100000, 0x0000000092200000|  0%| F|  |TAMS 0x0000000092100000, 0x0000000092100000| Untracked 
| 290|0x0000000092200000, 0x0000000092200000, 0x0000000092300000|  0%| F|  |TAMS 0x0000000092200000, 0x0000000092200000| Untracked 
| 291|0x0000000092300000, 0x0000000092300000, 0x0000000092400000|  0%| F|  |TAMS 0x0000000092300000, 0x0000000092300000| Untracked 
| 292|0x0000000092400000, 0x0000000092400000, 0x0000000092500000|  0%| F|  |TAMS 0x0000000092400000, 0x0000000092400000| Untracked 
| 293|0x0000000092500000, 0x0000000092500000, 0x0000000092600000|  0%| F|  |TAMS 0x0000000092500000, 0x0000000092500000| Untracked 
| 294|0x0000000092600000, 0x0000000092600000, 0x0000000092700000|  0%| F|  |TAMS 0x0000000092600000, 0x0000000092600000| Untracked 
| 295|0x0000000092700000, 0x0000000092700000, 0x0000000092800000|  0%| F|  |TAMS 0x0000000092700000, 0x0000000092700000| Untracked 
| 296|0x0000000092800000, 0x0000000092800000, 0x0000000092900000|  0%| F|  |TAMS 0x0000000092800000, 0x0000000092800000| Untracked 
| 297|0x0000000092900000, 0x0000000092900000, 0x0000000092a00000|  0%| F|  |TAMS 0x0000000092900000, 0x0000000092900000| Untracked 
| 298|0x0000000092a00000, 0x0000000092a00000, 0x0000000092b00000|  0%| F|  |TAMS 0x0000000092a00000, 0x0000000092a00000| Untracked 
| 299|0x0000000092b00000, 0x0000000092b00000, 0x0000000092c00000|  0%| F|  |TAMS 0x0000000092b00000, 0x0000000092b00000| Untracked 
| 300|0x0000000092c00000, 0x0000000092c00000, 0x0000000092d00000|  0%| F|  |TAMS 0x0000000092c00000, 0x0000000092c00000| Untracked 
| 301|0x0000000092d00000, 0x0000000092d00000, 0x0000000092e00000|  0%| F|  |TAMS 0x0000000092d00000, 0x0000000092d00000| Untracked 
| 302|0x0000000092e00000, 0x0000000092e00000, 0x0000000092f00000|  0%| F|  |TAMS 0x0000000092e00000, 0x0000000092e00000| Untracked 
| 303|0x0000000092f00000, 0x0000000092f00000, 0x0000000093000000|  0%| F|  |TAMS 0x0000000092f00000, 0x0000000092f00000| Untracked 
| 304|0x0000000093000000, 0x0000000093000000, 0x0000000093100000|  0%| F|  |TAMS 0x0000000093000000, 0x0000000093000000| Untracked 
| 305|0x0000000093100000, 0x0000000093100000, 0x0000000093200000|  0%| F|  |TAMS 0x0000000093100000, 0x0000000093100000| Untracked 
| 306|0x0000000093200000, 0x0000000093200000, 0x0000000093300000|  0%| F|  |TAMS 0x0000000093200000, 0x0000000093200000| Untracked 
| 307|0x0000000093300000, 0x0000000093300000, 0x0000000093400000|  0%| F|  |TAMS 0x0000000093300000, 0x0000000093300000| Untracked 
| 308|0x0000000093400000, 0x0000000093400000, 0x0000000093500000|  0%| F|  |TAMS 0x0000000093400000, 0x0000000093400000| Untracked 
| 309|0x0000000093500000, 0x0000000093500000, 0x0000000093600000|  0%| F|  |TAMS 0x0000000093500000, 0x0000000093500000| Untracked 
| 310|0x0000000093600000, 0x0000000093600000, 0x0000000093700000|  0%| F|  |TAMS 0x0000000093600000, 0x0000000093600000| Untracked 
| 311|0x0000000093700000, 0x0000000093700000, 0x0000000093800000|  0%| F|  |TAMS 0x0000000093700000, 0x0000000093700000| Untracked 
| 312|0x0000000093800000, 0x0000000093800000, 0x0000000093900000|  0%| F|  |TAMS 0x0000000093800000, 0x0000000093800000| Untracked 
| 313|0x0000000093900000, 0x0000000093900000, 0x0000000093a00000|  0%| F|  |TAMS 0x0000000093900000, 0x0000000093900000| Untracked 
| 314|0x0000000093a00000, 0x0000000093a00000, 0x0000000093b00000|  0%| F|  |TAMS 0x0000000093a00000, 0x0000000093a00000| Untracked 
| 315|0x0000000093b00000, 0x0000000093b00000, 0x0000000093c00000|  0%| F|  |TAMS 0x0000000093b00000, 0x0000000093b00000| Untracked 
| 316|0x0000000093c00000, 0x0000000093c00000, 0x0000000093d00000|  0%| F|  |TAMS 0x0000000093c00000, 0x0000000093c00000| Untracked 
| 317|0x0000000093d00000, 0x0000000093e00000, 0x0000000093e00000|100%| O|  |TAMS 0x0000000093e00000, 0x0000000093d00000| Untracked 
| 318|0x0000000093e00000, 0x0000000093f00000, 0x0000000093f00000|100%| O|  |TAMS 0x0000000093f00000, 0x0000000093e00000| Untracked 
| 319|0x0000000093f00000, 0x0000000094000000, 0x0000000094000000|100%| O|  |TAMS 0x0000000094000000, 0x0000000093f00000| Untracked 
| 320|0x0000000094000000, 0x0000000094100000, 0x0000000094100000|100%| O|  |TAMS 0x0000000094100000, 0x0000000094000000| Untracked 
| 321|0x0000000094100000, 0x0000000094200000, 0x0000000094200000|100%| O|  |TAMS 0x0000000094200000, 0x0000000094100000| Complete 
| 322|0x0000000094200000, 0x0000000094300000, 0x0000000094300000|100%| O|  |TAMS 0x0000000094300000, 0x0000000094200000| Complete 
| 323|0x0000000094300000, 0x0000000094400000, 0x0000000094400000|100%| O|  |TAMS 0x0000000094400000, 0x0000000094300000| Complete 
| 324|0x0000000094400000, 0x0000000094500000, 0x0000000094500000|100%| O|  |TAMS 0x0000000094500000, 0x0000000094400000| Complete 
| 325|0x0000000094500000, 0x0000000094600000, 0x0000000094600000|100%| O|  |TAMS 0x0000000094600000, 0x0000000094500000| Complete 
| 326|0x0000000094600000, 0x0000000094700000, 0x0000000094700000|100%| O|  |TAMS 0x0000000094700000, 0x0000000094600000| Complete 
| 327|0x0000000094700000, 0x0000000094800000, 0x0000000094800000|100%| O|  |TAMS 0x0000000094800000, 0x0000000094700000| Complete 
| 328|0x0000000094800000, 0x0000000094900000, 0x0000000094900000|100%| O|  |TAMS 0x0000000094900000, 0x0000000094800000| Untracked 
| 329|0x0000000094900000, 0x0000000094a00000, 0x0000000094a00000|100%| O|  |TAMS 0x0000000094a00000, 0x0000000094900000| Complete 
| 330|0x0000000094a00000, 0x0000000094b00000, 0x0000000094b00000|100%| O|  |TAMS 0x0000000094b00000, 0x0000000094a00000| Complete 
| 331|0x0000000094b00000, 0x0000000094c00000, 0x0000000094c00000|100%| O|  |TAMS 0x0000000094c00000, 0x0000000094b00000| Complete 
| 332|0x0000000094c00000, 0x0000000094d00000, 0x0000000094d00000|100%| O|  |TAMS 0x0000000094d00000, 0x0000000094c00000| Complete 
| 333|0x0000000094d00000, 0x0000000094e00000, 0x0000000094e00000|100%| O|  |TAMS 0x0000000094e00000, 0x0000000094d00000| Untracked 
| 334|0x0000000094e00000, 0x0000000094f00000, 0x0000000094f00000|100%| O|  |TAMS 0x0000000094f00000, 0x0000000094e00000| Complete 
| 335|0x0000000094f00000, 0x0000000095000000, 0x0000000095000000|100%| O|  |TAMS 0x0000000095000000, 0x0000000094f00000| Complete 
| 336|0x0000000095000000, 0x0000000095100000, 0x0000000095100000|100%| O|  |TAMS 0x0000000095100000, 0x0000000095000000| Complete 
| 337|0x0000000095100000, 0x0000000095200000, 0x0000000095200000|100%| O|  |TAMS 0x0000000095200000, 0x0000000095100000| Complete 
| 338|0x0000000095200000, 0x0000000095300000, 0x0000000095300000|100%| O|  |TAMS 0x0000000095300000, 0x0000000095200000| Complete 

Card table byte_map: [0x000001906ecd0000,0x000001906f0d0000] _byte_map_base: 0x000001906e8d0000

Marking Bits (Prev, Next): (CMBitMap*) 0x000001905be1b3e8, (CMBitMap*) 0x000001905be1b420
 Prev Bits: [0x000001906f4d0000, 0x00000190714d0000)
 Next Bits: [0x00000190714d0000, 0x00000190734d0000)

Polling page: 0x0000019059d80000

Metaspace:

Usage:
  Non-class:    138.12 MB capacity,   135.08 MB ( 98%) used,     2.49 MB (  2%) free+waste,   567.94 KB ( <1%) overhead. 
      Class:     20.56 MB capacity,    18.77 MB ( 91%) used,     1.54 MB (  8%) free+waste,   246.19 KB (  1%) overhead. 
       Both:    158.67 MB capacity,   153.85 MB ( 97%) used,     4.03 MB (  3%) free+waste,   814.13 KB ( <1%) overhead. 

Virtual space:
  Non-class space:      140.00 MB reserved,     139.75 MB (>99%) committed 
      Class space:        1.00 GB reserved,      21.25 MB (  2%) committed 
             Both:        1.14 GB reserved,     161.00 MB ( 14%) committed 

Chunk freelists:
   Non-Class:  1.63 MB
       Class:  625.00 KB
        Both:  2.24 MB

MaxMetaspaceSize: 17179869184.00 GB
CompressedClassSpaceSize: 1.00 GB

CodeHeap 'non-profiled nmethods': size=120064Kb used=23028Kb max_used=23028Kb free=97035Kb
 bounds [0x0000019067390000, 0x0000019068a30000, 0x000001906e8d0000]
CodeHeap 'profiled nmethods': size=120000Kb used=66227Kb max_used=66227Kb free=53772Kb
 bounds [0x000001905fe60000, 0x0000019063f60000, 0x0000019067390000]
CodeHeap 'non-nmethods': size=5696Kb used=2406Kb max_used=2508Kb free=3289Kb
 bounds [0x000001905f8d0000, 0x000001905fb50000, 0x000001905fe60000]
 total_blobs=30382 nmethods=29338 adapters=953
 compilation: enabled
              stopped_count=0, restarted_count=0
 full_count=0

Compilation events (20 events):
Event: 12528.702 Thread 0x00000190759c5000 36403       2       com.android.tools.r8.code.n::a (1 bytes)
Event: 12528.702 Thread 0x00000190759c5000 nmethod 36403 0x0000019063f55b90 code [0x0000019063f55d40, 0x0000019063f55e38]
Event: 12528.703 Thread 0x00000190759c5000 36404       2       com.android.tools.r8.code.z::a (1 bytes)
Event: 12528.703 Thread 0x00000190759c5000 nmethod 36404 0x0000019063f55f10 code [0x0000019063f560c0, 0x0000019063f561b8]
Event: 12528.788 Thread 0x00000190759c5000 36410 %     3       java.util.TimSort::mergeCollapse @ 0 (134 bytes)
Event: 12528.788 Thread 0x00000190759c5000 nmethod 36410% 0x0000019063f56290 code [0x0000019063f56480, 0x0000019063f569e8]
Event: 12528.791 Thread 0x00000190759c5000 36411       3       java.util.TimSort::mergeCollapse (134 bytes)
Event: 12528.792 Thread 0x00000190759c5000 nmethod 36411 0x0000019063f56c90 code [0x0000019063f56e80, 0x0000019063f573a8]
Event: 12528.854 Thread 0x00000190759c5000 36412       1       com.android.tools.r8.internal.G0::e (6 bytes)
Event: 12528.854 Thread 0x00000190759c5000 nmethod 36412 0x00000190683eef10 code [0x00000190683ef0c0, 0x00000190683ef178]
Event: 12528.864 Thread 0x00000190759c5000 36414 %     3       com.android.tools.r8.internal.Rz::f @ 58 (191 bytes)
Event: 12528.865 Thread 0x00000190759c5000 nmethod 36414% 0x0000019063f57610 code [0x0000019063f578c0, 0x0000019063f586b8]
Event: 12529.137 Thread 0x00000190759c5000 36416       2       com.android.tools.r8.internal.n8::<init> (10 bytes)
Event: 12529.138 Thread 0x00000190759c5000 nmethod 36416 0x0000019063f58c90 code [0x0000019063f58e40, 0x0000019063f58f78]
Event: 12529.162 Thread 0x00000190759c5000 36417       2       com.android.tools.r8.graph.f0$h::hashCode (10 bytes)
Event: 12529.162 Thread 0x00000190759c5000 nmethod 36417 0x0000019063f59010 code [0x0000019063f591e0, 0x0000019063f59318]
Event: 12529.391 Thread 0x00000190759c0800 nmethod 36243% 0x0000019068a1d510 code [0x0000019068a1daa0, 0x0000019068a254f0]
Event: 12529.392 Thread 0x00000190759c0800 36312       4       com.android.tools.r8.code.w1::a (4137 bytes)
Event: 12529.441 Thread 0x00000190759c5000 36423       3       com.android.tools.r8.internal.Oo::a (123 bytes)
Event: 12529.442 Thread 0x00000190759c5000 nmethod 36423 0x0000019063f59390 code [0x0000019063f59580, 0x0000019063f59bc8]

GC Heap History (20 events):
Event: 12521.930 GC heap after
{Heap after GC invocations=143 (full 0):
 garbage-first heap   total 324608K, used 143149K [0x0000000080000000, 0x0000000100000000)
  region size 1024K, 2 young (2048K), 2 survivors (2048K)
 Metaspace       used 157371K, capacity 162330K, committed 164864K, reserved 1191936K
  class space    used 19216K, capacity 21044K, committed 21760K, reserved 1048576K
}
Event: 12522.001 GC heap before
{Heap before GC invocations=143 (full 0):
 garbage-first heap   total 324608K, used 156461K [0x0000000080000000, 0x0000000100000000)
  region size 1024K, 15 young (15360K), 2 survivors (2048K)
 Metaspace       used 157376K, capacity 162330K, committed 164864K, reserved 1191936K
  class space    used 19216K, capacity 21044K, committed 21760K, reserved 1048576K
}
Event: 12522.012 GC heap after
{Heap after GC invocations=144 (full 0):
 garbage-first heap   total 324608K, used 141610K [0x0000000080000000, 0x0000000100000000)
  region size 1024K, 1 young (1024K), 1 survivors (1024K)
 Metaspace       used 157376K, capacity 162330K, committed 164864K, reserved 1191936K
  class space    used 19216K, capacity 21044K, committed 21760K, reserved 1048576K
}
Event: 12522.911 GC heap before
{Heap before GC invocations=144 (full 0):
 garbage-first heap   total 324608K, used 259370K [0x0000000080000000, 0x0000000100000000)
  region size 1024K, 116 young (118784K), 1 survivors (1024K)
 Metaspace       used 157411K, capacity 162338K, committed 164864K, reserved 1191936K
  class space    used 19217K, capacity 21046K, committed 21760K, reserved 1048576K
}
Event: 12522.919 GC heap after
{Heap after GC invocations=145 (full 0):
 garbage-first heap   total 324608K, used 142030K [0x0000000080000000, 0x0000000100000000)
  region size 1024K, 2 young (2048K), 2 survivors (2048K)
 Metaspace       used 157411K, capacity 162338K, committed 164864K, reserved 1191936K
  class space    used 19217K, capacity 21046K, committed 21760K, reserved 1048576K
}
Event: 12523.830 GC heap before
{Heap before GC invocations=146 (full 0):
 garbage-first heap   total 324608K, used 261838K [0x0000000080000000, 0x0000000100000000)
  region size 1024K, 119 young (121856K), 2 survivors (2048K)
 Metaspace       used 157439K, capacity 162342K, committed 164864K, reserved 1191936K
  class space    used 19219K, capacity 21047K, committed 21760K, reserved 1048576K
}
Event: 12523.838 GC heap after
{Heap after GC invocations=147 (full 0):
 garbage-first heap   total 324608K, used 142508K [0x0000000080000000, 0x0000000100000000)
  region size 1024K, 2 young (2048K), 2 survivors (2048K)
 Metaspace       used 157439K, capacity 162342K, committed 164864K, reserved 1191936K
  class space    used 19219K, capacity 21047K, committed 21760K, reserved 1048576K
}
Event: 12523.897 GC heap before
{Heap before GC invocations=147 (full 0):
 garbage-first heap   total 324608K, used 155820K [0x0000000080000000, 0x0000000100000000)
  region size 1024K, 15 young (15360K), 2 survivors (2048K)
 Metaspace       used 157439K, capacity 162342K, committed 164864K, reserved 1191936K
  class space    used 19219K, capacity 21047K, committed 21760K, reserved 1048576K
}
Event: 12523.912 GC heap after
{Heap after GC invocations=148 (full 0):
 garbage-first heap   total 324608K, used 140772K [0x0000000080000000, 0x0000000100000000)
  region size 1024K, 2 young (2048K), 2 survivors (2048K)
 Metaspace       used 157439K, capacity 162342K, committed 164864K, reserved 1191936K
  class space    used 19219K, capacity 21047K, committed 21760K, reserved 1048576K
}
Event: 12524.609 GC heap before
{Heap before GC invocations=148 (full 0):
 garbage-first heap   total 324608K, used 265700K [0x0000000080000000, 0x0000000100000000)
  region size 1024K, 124 young (126976K), 2 survivors (2048K)
 Metaspace       used 157460K, capacity 162406K, committed 164864K, reserved 1191936K
  class space    used 19219K, capacity 21047K, committed 21760K, reserved 1048576K
}
Event: 12524.618 GC heap after
{Heap after GC invocations=149 (full 0):
 garbage-first heap   total 324608K, used 141199K [0x0000000080000000, 0x0000000100000000)
  region size 1024K, 2 young (2048K), 2 survivors (2048K)
 Metaspace       used 157460K, capacity 162406K, committed 164864K, reserved 1191936K
  class space    used 19219K, capacity 21047K, committed 21760K, reserved 1048576K
}
Event: 12527.961 GC heap before
{Heap before GC invocations=150 (full 0):
 garbage-first heap   total 324608K, used 292751K [0x0000000080000000, 0x0000000100000000)
  region size 1024K, 131 young (134144K), 2 survivors (2048K)
 Metaspace       used 157523K, capacity 162480K, committed 164864K, reserved 1191936K
  class space    used 19220K, capacity 21049K, committed 21760K, reserved 1048576K
}
Event: 12528.063 GC heap after
{Heap after GC invocations=151 (full 0):
 garbage-first heap   total 347136K, used 205370K [0x0000000080000000, 0x0000000100000000)
  region size 1024K, 17 young (17408K), 17 survivors (17408K)
 Metaspace       used 157523K, capacity 162480K, committed 164864K, reserved 1191936K
  class space    used 19220K, capacity 21049K, committed 21760K, reserved 1048576K
}
Event: 12528.072 GC heap before
{Heap before GC invocations=151 (full 0):
 garbage-first heap   total 347136K, used 206394K [0x0000000080000000, 0x0000000100000000)
  region size 1024K, 18 young (18432K), 17 survivors (17408K)
 Metaspace       used 157523K, capacity 162480K, committed 164864K, reserved 1191936K
  class space    used 19220K, capacity 21049K, committed 21760K, reserved 1048576K
}
Event: 12528.164 GC heap after
{Heap after GC invocations=152 (full 0):
 garbage-first heap   total 347136K, used 203751K [0x0000000080000000, 0x0000000100000000)
  region size 1024K, 2 young (2048K), 2 survivors (2048K)
 Metaspace       used 157523K, capacity 162480K, committed 164864K, reserved 1191936K
  class space    used 19220K, capacity 21049K, committed 21760K, reserved 1048576K
}
Event: 12528.494 GC heap before
{Heap before GC invocations=152 (full 0):
 garbage-first heap   total 347136K, used 270311K [0x0000000080000000, 0x0000000100000000)
  region size 1024K, 68 young (69632K), 2 survivors (2048K)
 Metaspace       used 157539K, capacity 162483K, committed 164864K, reserved 1191936K
  class space    used 19220K, capacity 21049K, committed 21760K, reserved 1048576K
}
Event: 12528.524 GC heap after
{Heap after GC invocations=153 (full 0):
 garbage-first heap   total 347136K, used 214016K [0x0000000080000000, 0x0000000100000000)
  region size 1024K, 9 young (9216K), 9 survivors (9216K)
 Metaspace       used 157539K, capacity 162483K, committed 164864K, reserved 1191936K
  class space    used 19220K, capacity 21049K, committed 21760K, reserved 1048576K
}
Event: 12529.272 GC heap before
{Heap before GC invocations=153 (full 0):
 garbage-first heap   total 347136K, used 286720K [0x0000000080000000, 0x0000000100000000)
  region size 1024K, 71 young (72704K), 9 survivors (9216K)
 Metaspace       used 157541K, capacity 162483K, committed 164864K, reserved 1191936K
  class space    used 19220K, capacity 21049K, committed 21760K, reserved 1048576K
}
Event: 12529.314 GC heap after
{Heap after GC invocations=154 (full 0):
 garbage-first heap   total 347136K, used 230955K [0x0000000080000000, 0x0000000100000000)
  region size 1024K, 8 young (8192K), 8 survivors (8192K)
 Metaspace       used 157541K, capacity 162483K, committed 164864K, reserved 1191936K
  class space    used 19220K, capacity 21049K, committed 21760K, reserved 1048576K
}
Event: 12529.463 GC heap before
{Heap before GC invocations=155 (full 0):
 garbage-first heap   total 347136K, used 294443K [0x0000000080000000, 0x0000000100000000)
  region size 1024K, 61 young (62464K), 8 survivors (8192K)
 Metaspace       used 157541K, capacity 162483K, committed 164864K, reserved 1191936K
  class space    used 19220K, capacity 21049K, committed 21760K, reserved 1048576K
}

Deoptimization events (20 events):
Event: 12529.077 Thread 0x000001907ae0a000 DEOPT PACKING pc=0x000001906231acc8 sp=0x000000515ebfea40
Event: 12529.077 Thread 0x000001907ae0a000 DEOPT UNPACKING pc=0x000001905f8f76ce sp=0x000000515ebfdf28 mode 0
Event: 12529.110 Thread 0x000001907ae0a000 DEOPT PACKING pc=0x000001906231acc8 sp=0x000000515ebfea40
Event: 12529.110 Thread 0x000001907ae0a000 DEOPT UNPACKING pc=0x000001905f8f76ce sp=0x000000515ebfdf28 mode 0
Event: 12529.112 Thread 0x000001907ae0a000 DEOPT PACKING pc=0x000001906231acc8 sp=0x000000515ebfea40
Event: 12529.112 Thread 0x000001907ae0a000 DEOPT UNPACKING pc=0x000001905f8f76ce sp=0x000000515ebfdf28 mode 0
Event: 12529.116 Thread 0x000001907ae0a000 DEOPT PACKING pc=0x000001906231acc8 sp=0x000000515ebfea40
Event: 12529.116 Thread 0x000001907ae0a000 DEOPT UNPACKING pc=0x000001905f8f76ce sp=0x000000515ebfdf28 mode 0
Event: 12529.119 Thread 0x000001907ae0a000 DEOPT PACKING pc=0x000001906231acc8 sp=0x000000515ebfea40
Event: 12529.119 Thread 0x000001907ae0a000 DEOPT UNPACKING pc=0x000001905f8f76ce sp=0x000000515ebfdf28 mode 0
Event: 12529.122 Thread 0x000001907ae0a000 DEOPT PACKING pc=0x000001906231acc8 sp=0x000000515ebfea40
Event: 12529.122 Thread 0x000001907ae0a000 DEOPT UNPACKING pc=0x000001905f8f76ce sp=0x000000515ebfdf28 mode 0
Event: 12529.126 Thread 0x000001907ae0a000 DEOPT PACKING pc=0x000001906231acc8 sp=0x000000515ebfea40
Event: 12529.126 Thread 0x000001907ae0a000 DEOPT UNPACKING pc=0x000001905f8f76ce sp=0x000000515ebfdf28 mode 0
Event: 12529.235 Thread 0x000001907ae0a000 Uncommon trap: trap_request=0xffffff4d fr.pc=0x00000190680f31f8 relative=0x0000000000000058
Event: 12529.235 Thread 0x000001907ae0a000 Uncommon trap: reason=unstable_if action=reinterpret pc=0x00000190680f31f8 method=com.android.tools.r8.internal.Vt$f.hasNext()Z @ 5 c2
Event: 12529.235 Thread 0x000001907ae0a000 DEOPT PACKING pc=0x00000190680f31f8 sp=0x000000515ebfee20
Event: 12529.235 Thread 0x000001907ae0a000 DEOPT UNPACKING pc=0x000001905f8f78af sp=0x000000515ebfeda0 mode 2
Event: 12529.397 Thread 0x000001907ae0a000 DEOPT PACKING pc=0x000001906231acc8 sp=0x000000515ebfe650
Event: 12529.397 Thread 0x000001907ae0a000 DEOPT UNPACKING pc=0x000001905f8f76ce sp=0x000000515ebfdb38 mode 0

Classes redefined (0 events):
No events

Internal exceptions (20 events):
Event: 12516.319 Thread 0x000001907b497000 Exception <a 'sun/nio/fs/WindowsException'{0x0000000092227e88}> (0x0000000092227e88) thrown at [./src/hotspot/share/prims/jni.cpp, line 615]
Event: 12516.319 Thread 0x000001907d34b000 Exception <a 'sun/nio/fs/WindowsException'{0x00000000921143b0}> (0x00000000921143b0) thrown at [./src/hotspot/share/prims/jni.cpp, line 615]
Event: 12516.394 Thread 0x000001907b498800 Exception <a 'sun/nio/fs/WindowsException'{0x000000009218d3e0}> (0x000000009218d3e0) thrown at [./src/hotspot/share/prims/jni.cpp, line 615]
Event: 12516.397 Thread 0x000001907b499800 Exception <a 'sun/nio/fs/WindowsException'{0x00000000921860c8}> (0x00000000921860c8) thrown at [./src/hotspot/share/prims/jni.cpp, line 615]
Event: 12516.480 Thread 0x000001907b490800 Exception <a 'sun/nio/fs/WindowsException'{0x0000000092087f48}> (0x0000000092087f48) thrown at [./src/hotspot/share/prims/jni.cpp, line 615]
Event: 12516.739 Thread 0x000001907d34b000 Exception <a 'sun/nio/fs/WindowsException'{0x00000000920df108}> (0x00000000920df108) thrown at [./src/hotspot/share/prims/jni.cpp, line 615]
Event: 12516.853 Thread 0x000001907b497000 Exception <a 'sun/nio/fs/WindowsException'{0x00000000918f3958}> (0x00000000918f3958) thrown at [./src/hotspot/share/prims/jni.cpp, line 615]
Event: 12518.921 Thread 0x000001907b497000 Exception <a 'sun/nio/fs/WindowsException'{0x00000000909f4560}> (0x00000000909f4560) thrown at [./src/hotspot/share/prims/jni.cpp, line 615]
Event: 12518.922 Thread 0x000001907b490800 Exception <a 'sun/nio/fs/WindowsException'{0x000000009085a370}> (0x000000009085a370) thrown at [./src/hotspot/share/prims/jni.cpp, line 615]
Event: 12518.930 Thread 0x000001907b497000 Exception <a 'sun/nio/fs/WindowsException'{0x000000009065eb80}> (0x000000009065eb80) thrown at [./src/hotspot/share/prims/jni.cpp, line 615]
Event: 12518.931 Thread 0x000001907b497000 Implicit null exception at 0x0000019067c5321b to 0x0000019067c539dc
Event: 12518.987 Thread 0x000001907b498800 Exception <a 'sun/nio/fs/WindowsException'{0x000000008f9e3da0}> (0x000000008f9e3da0) thrown at [./src/hotspot/share/prims/jni.cpp, line 615]
Event: 12519.008 Thread 0x000001907d34b000 Exception <a 'sun/nio/fs/WindowsException'{0x000000008f85fce8}> (0x000000008f85fce8) thrown at [./src/hotspot/share/prims/jni.cpp, line 615]
Event: 12519.335 Thread 0x000001907d34b000 Exception <a 'java/lang/NoSuchMethodError'{0x000000008ded3740}: 'java.lang.Object java.lang.invoke.DirectMethodHandle$Holder.invokeInterface(java.lang.Object, java.lang.Object, int)'> (0x000000008ded3740) thrown at [./src/hotspot/share/interpreter/linkResolver.cpp, line 773]
Event: 12520.324 Thread 0x000001907d34b000 Exception <a 'sun/nio/fs/WindowsException'{0x0000000092eec920}> (0x0000000092eec920) thrown at [./src/hotspot/share/prims/jni.cpp, line 615]
Event: 12521.239 Thread 0x000001907b498800 Exception <a 'java/lang/NoSuchMethodError'{0x0000000092a9c910}: 'int java.lang.invoke.DirectMethodHandle$Holder.invokeInterface(java.lang.Object, java.lang.Object, int)'> (0x0000000092a9c910) thrown at [./src/hotspot/share/interpreter/linkResolver.cpp, line 773]
Event: 12521.976 Thread 0x000001907b490800 Exception <a 'sun/nio/fs/WindowsException'{0x00000000932e0710}> (0x00000000932e0710) thrown at [./src/hotspot/share/prims/jni.cpp, line 615]
Event: 12523.273 Thread 0x000001907b498800 Implicit null exception at 0x0000019067dc73f4 to 0x0000019067dc8d7c
Event: 12524.822 Thread 0x000001907b498800 Exception <a 'sun/nio/fs/WindowsException'{0x00000000924ba358}> (0x00000000924ba358) thrown at [./src/hotspot/share/prims/jni.cpp, line 615]
Event: 12527.621 Thread 0x000001907d350000 Exception <a 'sun/nio/fs/WindowsException'{0x0000000091ee40f8}> (0x0000000091ee40f8) thrown at [./src/hotspot/share/prims/jni.cpp, line 615]

Events (20 events):
Event: 12528.230 Executing VM operation: RevokeBias done
Event: 12528.230 Executing VM operation: RevokeBias
Event: 12528.230 Executing coalesced safepoint VM operation: RevokeBias
Event: 12528.230 Executing coalesced safepoint VM operation: RevokeBias done
Event: 12528.230 Executing coalesced safepoint VM operation: RevokeBias
Event: 12528.230 Executing coalesced safepoint VM operation: RevokeBias done
Event: 12528.230 Executing VM operation: RevokeBias done
Event: 12528.231 Executing VM operation: RevokeBias
Event: 12528.231 Executing coalesced safepoint VM operation: BulkRevokeBias
Event: 12528.232 Executing coalesced safepoint VM operation: BulkRevokeBias done
Event: 12528.232 Executing VM operation: RevokeBias done
Event: 12528.494 Executing VM operation: G1CollectForAllocation
Event: 12528.524 Executing VM operation: G1CollectForAllocation done
Event: 12529.079 Executing VM operation: CGC_Operation
Event: 12529.107 Executing VM operation: CGC_Operation done
Event: 12529.271 Executing VM operation: G1CollectForAllocation
Event: 12529.314 Executing VM operation: G1CollectForAllocation done
Event: 12529.461 Executing VM operation: CGC_Operation
Event: 12529.462 Executing VM operation: CGC_Operation done
Event: 12529.463 Executing VM operation: G1CollectForAllocation


Dynamic libraries:
0x00007ff7281a0000 - 0x00007ff7281aa000 	C:\Program Files\Android\Android Studio1\jre\bin\java.exe
0x00007ffc90b50000 - 0x00007ffc90d45000 	C:\WINDOWS\SYSTEM32\ntdll.dll
0x00007ffc90420000 - 0x00007ffc904de000 	C:\WINDOWS\System32\KERNEL32.DLL
0x00007ffc8e7b0000 - 0x00007ffc8ea78000 	C:\WINDOWS\System32\KERNELBASE.dll
0x00007ffc8e620000 - 0x00007ffc8e720000 	C:\WINDOWS\System32\ucrtbase.dll
0x00007ffc7c030000 - 0x00007ffc7c049000 	C:\Program Files\Android\Android Studio1\jre\bin\jli.dll
0x00007ffc8fa00000 - 0x00007ffc8fba1000 	C:\WINDOWS\System32\USER32.dll
0x00007ffc8e4f0000 - 0x00007ffc8e512000 	C:\WINDOWS\System32\win32u.dll
0x00007ffc7c010000 - 0x00007ffc7c027000 	C:\Program Files\Android\Android Studio1\jre\bin\VCRUNTIME140.dll
0x00007ffc8edf0000 - 0x00007ffc8ee1b000 	C:\WINDOWS\System32\GDI32.dll
0x00007ffc8ea80000 - 0x00007ffc8eb8d000 	C:\WINDOWS\System32\gdi32full.dll
0x00007ffc84fd0000 - 0x00007ffc8526a000 	C:\WINDOWS\WinSxS\amd64_microsoft.windows.common-controls_6595b64144ccf1df_6.0.19041.1110_none_60b5254171f9507e\COMCTL32.dll
0x00007ffc8e520000 - 0x00007ffc8e5bd000 	C:\WINDOWS\System32\msvcp_win.dll
0x00007ffc8ec40000 - 0x00007ffc8ecde000 	C:\WINDOWS\System32\msvcrt.dll
0x00007ffc8fbb0000 - 0x00007ffc8fbe0000 	C:\WINDOWS\System32\IMM32.DLL
0x00007ffc6a5e0000 - 0x00007ffc6a67d000 	C:\Program Files\Android\Android Studio1\jre\bin\msvcp140.dll
0x00007ffc5c220000 - 0x00007ffc5ccef000 	C:\Program Files\Android\Android Studio1\jre\bin\server\jvm.dll
0x00007ffc8eb90000 - 0x00007ffc8ec3c000 	C:\WINDOWS\System32\ADVAPI32.dll
0x00007ffc8ee20000 - 0x00007ffc8eebb000 	C:\WINDOWS\System32\sechost.dll
0x00007ffc8f710000 - 0x00007ffc8f83a000 	C:\WINDOWS\System32\RPCRT4.dll
0x00007ffc8f8a0000 - 0x00007ffc8f8a8000 	C:\WINDOWS\System32\PSAPI.DLL
0x00007ffc8bae0000 - 0x00007ffc8bae9000 	C:\WINDOWS\SYSTEM32\WSOCK32.dll
0x00007ffc84840000 - 0x00007ffc84867000 	C:\WINDOWS\SYSTEM32\WINMM.dll
0x00007ffc8f8b0000 - 0x00007ffc8f91b000 	C:\WINDOWS\System32\WS2_32.dll
0x00007ffc85480000 - 0x00007ffc8548a000 	C:\WINDOWS\SYSTEM32\VERSION.dll
0x00007ffc8c070000 - 0x00007ffc8c082000 	C:\WINDOWS\SYSTEM32\kernel.appcore.dll
0x00007ffc82aa0000 - 0x00007ffc82ab1000 	C:\Program Files\Android\Android Studio1\jre\bin\verify.dll
0x00007ffc87e20000 - 0x00007ffc88004000 	C:\WINDOWS\SYSTEM32\DBGHELP.DLL
0x00007ffc88540000 - 0x00007ffc8856c000 	C:\WINDOWS\SYSTEM32\dbgcore.DLL
0x00007ffc8e720000 - 0x00007ffc8e7a2000 	C:\WINDOWS\System32\bcryptPrimitives.dll
0x00007ffc7df10000 - 0x00007ffc7df39000 	C:\Program Files\Android\Android Studio1\jre\bin\java.dll
0x00007ffc8bad0000 - 0x00007ffc8badb000 	C:\Program Files\Android\Android Studio1\jre\bin\jimage.dll
0x00007ffc82a80000 - 0x00007ffc82a98000 	C:\Program Files\Android\Android Studio1\jre\bin\zip.dll
0x00007ffc8eec0000 - 0x00007ffc8f604000 	C:\WINDOWS\System32\SHELL32.dll
0x00007ffc8c350000 - 0x00007ffc8cae4000 	C:\WINDOWS\SYSTEM32\windows.storage.dll
0x00007ffc8fbe0000 - 0x00007ffc8ff35000 	C:\WINDOWS\System32\combase.dll
0x00007ffc8dbe0000 - 0x00007ffc8dc0e000 	C:\WINDOWS\SYSTEM32\Wldp.dll
0x00007ffc8ed40000 - 0x00007ffc8eded000 	C:\WINDOWS\System32\SHCORE.dll
0x00007ffc8ece0000 - 0x00007ffc8ed35000 	C:\WINDOWS\System32\shlwapi.dll
0x00007ffc8e1a0000 - 0x00007ffc8e1bf000 	C:\WINDOWS\SYSTEM32\profapi.dll
0x00007ffc7e0c0000 - 0x00007ffc7e0da000 	C:\Program Files\Android\Android Studio1\jre\bin\net.dll
0x00007ffc844c0000 - 0x00007ffc845cc000 	C:\WINDOWS\SYSTEM32\WINHTTP.dll
0x00007ffc8d940000 - 0x00007ffc8d9aa000 	C:\WINDOWS\system32\mswsock.dll
0x00007ffc7deb0000 - 0x00007ffc7dec4000 	C:\Program Files\Android\Android Studio1\jre\bin\nio.dll
0x00007ffc87510000 - 0x00007ffc87537000 	C:\Users\ROY\.gradle\native\8bec1ad78214c89d9ad589b4d07fe93259594b29d510b10fafb7a158f7737e5d\windows-amd64\native-platform.dll
0x00007ffc61940000 - 0x00007ffc61a7d000 	C:\Users\ROY\.gradle\native\53dbd7edfb1c66fb8903c78663c9afc45aea4f116125fa6feffd364cf09443e8\windows-amd64\native-platform-file-events.dll
0x00007ffc8ba80000 - 0x00007ffc8ba8a000 	C:\Program Files\Android\Android Studio1\jre\bin\management.dll
0x00007ffc89d40000 - 0x00007ffc89d4c000 	C:\Program Files\Android\Android Studio1\jre\bin\management_ext.dll
0x00007ffc8db30000 - 0x00007ffc8db48000 	C:\WINDOWS\SYSTEM32\CRYPTSP.dll
0x00007ffc8d2c0000 - 0x00007ffc8d2f4000 	C:\WINDOWS\system32\rsaenh.dll
0x00007ffc8e260000 - 0x00007ffc8e287000 	C:\WINDOWS\System32\bcrypt.dll
0x00007ffc8e0b0000 - 0x00007ffc8e0de000 	C:\WINDOWS\SYSTEM32\USERENV.dll
0x00007ffc8db50000 - 0x00007ffc8db5c000 	C:\WINDOWS\SYSTEM32\CRYPTBASE.dll
0x00007ffc8d630000 - 0x00007ffc8d66b000 	C:\WINDOWS\SYSTEM32\IPHLPAPI.DLL
0x00007ffc8f610000 - 0x00007ffc8f618000 	C:\WINDOWS\System32\NSI.dll
0x00007ffc86ec0000 - 0x00007ffc86ed7000 	C:\WINDOWS\SYSTEM32\dhcpcsvc6.DLL
0x00007ffc87bc0000 - 0x00007ffc87bdd000 	C:\WINDOWS\SYSTEM32\dhcpcsvc.DLL
0x00007ffc8d670000 - 0x00007ffc8d73b000 	C:\WINDOWS\SYSTEM32\DNSAPI.dll
0x00007ffc82c60000 - 0x00007ffc82c87000 	C:\Program Files\Android\Android Studio1\jre\bin\sunec.dll
0x00007ffc84c00000 - 0x00007ffc84c0a000 	C:\Windows\System32\rasadhlp.dll
0x00007ffc847c0000 - 0x00007ffc8483f000 	C:\WINDOWS\System32\fwpuclnt.dll
0x00007ffc8cf20000 - 0x00007ffc8cf53000 	C:\WINDOWS\SYSTEM32\ntmarta.dll

dbghelp: loaded successfully - version: 4.0.5 - missing functions: none
symbol engine: initialized successfully - sym options: 0x614 - pdb path: .;C:\Program Files\Android\Android Studio1\jre\bin;C:\WINDOWS\SYSTEM32;C:\WINDOWS\WinSxS\amd64_microsoft.windows.common-controls_6595b64144ccf1df_6.0.19041.1110_none_60b5254171f9507e;C:\Program Files\Android\Android Studio1\jre\bin\server;C:\Users\ROY\.gradle\native\8bec1ad78214c89d9ad589b4d07fe93259594b29d510b10fafb7a158f7737e5d\windows-amd64;C:\Users\ROY\.gradle\native\53dbd7edfb1c66fb8903c78663c9afc45aea4f116125fa6feffd364cf09443e8\windows-amd64

VM Arguments:
jvm_args: --add-opens=java.base/java.util=ALL-UNNAMED --add-opens=java.base/java.lang=ALL-UNNAMED --add-opens=java.base/java.lang.invoke=ALL-UNNAMED --add-opens=java.base/java.util=ALL-UNNAMED --add-opens=java.prefs/java.util.prefs=ALL-UNNAMED --add-opens=java.prefs/java.util.prefs=ALL-UNNAMED --add-opens=java.base/java.nio.charset=ALL-UNNAMED --add-opens=java.base/java.net=ALL-UNNAMED --add-opens=java.base/java.util.concurrent.atomic=ALL-UNNAMED -Xmx2048m -Dfile.encoding=UTF-8 -Duser.country=IN -Duser.language=en -Duser.variant 
java_command: org.gradle.launcher.daemon.bootstrap.GradleDaemon 7.0.2
java_class_path (initial): C:\Users\ROY\.gradle\wrapper\dists\gradle-7.0.2-bin\857tjihv64xamwrf0h14cai3r\gradle-7.0.2\lib\gradle-launcher-7.0.2.jar
Launcher Type: SUN_STANDARD

[Global flags]
     intx CICompilerCount                          = 3                                         {product} {ergonomic}
     uint ConcGCThreads                            = 1                                         {product} {ergonomic}
     uint G1ConcRefinementThreads                  = 4                                         {product} {ergonomic}
   size_t G1HeapRegionSize                         = 1048576                                   {product} {ergonomic}
    uintx GCDrainStackTargetSize                   = 64                                        {product} {ergonomic}
   size_t InitialHeapSize                          = 125829120                                 {product} {ergonomic}
   size_t MarkStackSize                            = 4194304                                   {product} {ergonomic}
   size_t MaxHeapSize                              = 2147483648                                {product} {command line}
   size_t MaxNewSize                               = 1287651328                                {product} {ergonomic}
   size_t MinHeapDeltaBytes                        = 1048576                                   {product} {ergonomic}
    uintx NonNMethodCodeHeapSize                   = 5830732                                {pd product} {ergonomic}
    uintx NonProfiledCodeHeapSize                  = 122913754                              {pd product} {ergonomic}
    uintx ProfiledCodeHeapSize                     = 122913754                              {pd product} {ergonomic}
    uintx ReservedCodeCacheSize                    = 251658240                              {pd product} {ergonomic}
     bool SegmentedCodeCache                       = true                                      {product} {ergonomic}
     bool UseCompressedClassPointers               = true                                 {lp64_product} {ergonomic}
     bool UseCompressedOops                        = true                                 {lp64_product} {ergonomic}
     bool UseG1GC                                  = true                                      {product} {ergonomic}
     bool UseLargePagesIndividualAllocation        = false                                  {pd product} {ergonomic}

Logging:
Log output configuration:
 #0: stdout all=warning uptime,level,tags
 #1: stderr all=off uptime,level,tags

Environment Variables:
PATH=C:\Program Files\Common Files\Oracle\Java\javapath;C:\WINDOWS\system32;C:\WINDOWS;C:\WINDOWS\System32\Wbem;C:\WINDOWS\System32\WindowsPowerShell\v1.0\;C:\WINDOWS\System32\OpenSSH\;C:\Program Files\Git\cmd;C:\Program Files\nodejs\;C:\ProgramData\chocolatey\bin;C:\Users\ROY\AppData\Local\Programs\Python\Python310\Scripts\;C:\Users\ROY\AppData\Local\Programs\Python\Python310\;C:\Users\ROY\AppData\Local\Microsoft\WindowsApps;C:\Users\ROY\AppData\Roaming\npm;C:\Users\ROY\AppData\Local\Programs\Microsoft VS Code\bin
USERNAME=ROY
OS=Windows_NT
PROCESSOR_IDENTIFIER=Intel64 Family 6 Model 61 Stepping 4, GenuineIntel



---------------  S Y S T E M  ---------------

OS: Windows 10 , 64 bit Build 19041 (10.0.19041.1348)
OS uptime: 1 days 21:42 hours

CPU:total 4 (initial active 4) (2 cores per cpu, 2 threads per core) family 6 model 61 stepping 4 microcode 0x2d, cmov, cx8, fxsr, mmx, sse, sse2, sse3, ssse3, sse4.1, sse4.2, popcnt, avx, avx2, aes, clmul, erms, 3dnowpref, lzcnt, ht, tsc, tscinvbit, bmi1, bmi2, adx, fma

Memory: 4k page, system-wide physical 7603M (291M free)
TotalPageFile size 7603M (AvailPageFile size 158M)
current process WorkingSet (physical memory assigned to process): 689M, peak: 711M
current process commit charge ("private bytes"): 799M, peak: 1039M

vm_info: OpenJDK 64-Bit Server VM (11.0.10+0-b96-7249189) for windows-amd64 JRE (11.0.10+0-b96-7249189), built on Mar 31 2021 21:44:00 by "builder" with MS VC++ 14.0 (VS2015)

END.
